2024-05-23 13:27:27,649 - INFO - patching driver executable C:\Users\ANAS KHAN\appdata\roaming\undetected_chromedriver\undetected_chromedriver.exe
2024-05-23 13:27:46,528 - INFO - Opening Tab 1
2024-05-23 13:27:46,751 - INFO - Opening Tab 2
2024-05-23 13:27:46,964 - INFO - Opening Tab 3
2024-05-23 13:27:50,174 - INFO - Total tabs: 2
2024-05-23 13:27:50,175 - INFO - Tab index: 0, Window handle: 702FBDC77DB9EBA951CA948BFA3E7913
2024-05-23 13:27:50,175 - INFO - Tab index: 1, Window handle: C5A9516EF1372B6F43634B9B269C6917
2024-05-23 13:29:33,914 - INFO - Opening Tab 1
2024-05-23 13:29:34,137 - INFO - Opening Tab 2
2024-05-23 13:29:34,345 - INFO - Opening Tab 3
2024-05-23 13:29:37,557 - INFO - Total tabs: 2
2024-05-23 13:29:37,558 - INFO - Tab index: 0, Window handle: FE7D3F7777B6615E5509E8895548CB76
2024-05-23 13:29:37,558 - INFO - Tab index: 1, Window handle: 1A2ACF379E7B5772E22A7B448FAAEE56
2024-05-23 13:29:37,561 - ERROR - Exception occurred: cannot access local variable 'function_number' where it is not associated with a value
2024-05-23 13:29:38,562 - INFO - Failed, Trying 2 time
2024-05-23 13:29:38,566 - ERROR - Exception occurred: cannot access local variable 'function_number' where it is not associated with a value
2024-05-23 13:29:39,567 - INFO - Failed, Trying 3 time
2024-05-23 13:29:39,572 - ERROR - Exception occurred: cannot access local variable 'function_number' where it is not associated with a value
2024-05-23 13:29:40,574 - INFO - Failed, Trying 4 time
2024-05-23 13:29:40,577 - ERROR - Exception occurred: cannot access local variable 'function_number' where it is not associated with a value
2024-05-23 13:29:41,577 - INFO - Failed, Trying 5 time
2024-05-23 13:29:41,582 - ERROR - Exception occurred: cannot access local variable 'function_number' where it is not associated with a value
2024-05-23 13:29:42,583 - INFO - Failed, Trying 6 time
2024-05-23 13:29:42,586 - ERROR - Exception occurred: cannot access local variable 'function_number' where it is not associated with a value
2024-05-23 13:29:43,587 - INFO - Failed, Trying 7 time
2024-05-23 13:29:43,590 - ERROR - Exception occurred: cannot access local variable 'function_number' where it is not associated with a value
2024-05-23 13:29:44,590 - INFO - Failed, Trying 8 time
2024-05-23 13:29:44,593 - ERROR - Exception occurred: cannot access local variable 'function_number' where it is not associated with a value
2024-05-23 13:29:45,594 - INFO - Failed, Trying 9 time
2024-05-23 13:29:45,598 - ERROR - Exception occurred: cannot access local variable 'function_number' where it is not associated with a value
2024-05-23 13:29:46,599 - INFO - Failed, Trying 10 time
2024-05-23 13:29:46,603 - ERROR - Exception occurred: cannot access local variable 'function_number' where it is not associated with a value
2024-05-23 13:29:47,605 - INFO - Failed, Trying 11 time
2024-05-23 13:29:47,608 - ERROR - Exception occurred: cannot access local variable 'function_number' where it is not associated with a value
2024-05-23 13:29:48,609 - INFO - Failed, Trying 12 time
2024-05-23 13:29:48,612 - ERROR - Exception occurred: cannot access local variable 'function_number' where it is not associated with a value
2024-05-23 13:29:49,612 - INFO - Failed, Trying 13 time
2024-05-23 13:29:49,617 - ERROR - Exception occurred: cannot access local variable 'function_number' where it is not associated with a value
2024-05-23 13:29:50,618 - INFO - Failed, Trying 14 time
2024-05-23 13:29:50,621 - ERROR - Exception occurred: cannot access local variable 'function_number' where it is not associated with a value
2024-05-23 13:29:51,622 - INFO - Failed, Trying 15 time
2024-05-23 13:29:51,630 - ERROR - Exception occurred: cannot access local variable 'function_number' where it is not associated with a value
2024-05-23 13:29:52,631 - INFO - Failed, Trying 16 time
2024-05-23 13:29:52,639 - ERROR - Exception occurred: cannot access local variable 'function_number' where it is not associated with a value
2024-05-23 13:29:53,640 - INFO - Failed, Trying 17 time
2024-05-23 13:29:53,646 - ERROR - Exception occurred: cannot access local variable 'function_number' where it is not associated with a value
2024-05-23 13:29:54,651 - INFO - Failed, Trying 18 time
2024-05-23 13:29:54,656 - ERROR - Exception occurred: cannot access local variable 'function_number' where it is not associated with a value
2024-05-23 13:29:55,663 - INFO - Failed, Trying 19 time
2024-05-23 13:29:55,665 - ERROR - Exception occurred: cannot access local variable 'function_number' where it is not associated with a value
2024-05-23 13:29:56,667 - INFO - Failed, Trying 20 time
2024-05-23 13:29:56,667 - ERROR - Exception occurred: cannot access local variable 'function_number' where it is not associated with a value
2024-05-23 13:29:57,670 - INFO - Failed, Trying 21 time
2024-05-23 13:29:57,675 - ERROR - Exception occurred: cannot access local variable 'function_number' where it is not associated with a value
2024-05-23 13:29:58,676 - INFO - Failed, Trying 22 time
2024-05-23 13:29:58,679 - ERROR - Exception occurred: cannot access local variable 'function_number' where it is not associated with a value
2024-05-23 13:29:59,680 - INFO - Failed, Trying 23 time
2024-05-23 13:29:59,687 - ERROR - Exception occurred: cannot access local variable 'function_number' where it is not associated with a value
2024-05-23 13:30:00,690 - INFO - Failed, Trying 24 time
2024-05-23 13:30:00,690 - ERROR - Exception occurred: cannot access local variable 'function_number' where it is not associated with a value
2024-05-23 13:30:01,693 - INFO - Failed, Trying 25 time
2024-05-23 13:30:01,698 - ERROR - Exception occurred: cannot access local variable 'function_number' where it is not associated with a value
2024-05-23 13:30:02,700 - INFO - Failed, Trying 26 time
2024-05-23 13:30:02,700 - ERROR - Exception occurred: cannot access local variable 'function_number' where it is not associated with a value
2024-05-23 13:30:03,704 - INFO - Failed, Trying 27 time
2024-05-23 13:30:03,704 - ERROR - Exception occurred: cannot access local variable 'function_number' where it is not associated with a value
2024-05-23 13:30:04,707 - INFO - Failed, Trying 28 time
2024-05-23 13:30:04,708 - ERROR - Exception occurred: cannot access local variable 'function_number' where it is not associated with a value
2024-05-23 13:30:05,727 - INFO - Failed, Trying 29 time
2024-05-23 13:30:05,733 - ERROR - Exception occurred: cannot access local variable 'function_number' where it is not associated with a value
2024-05-23 13:30:06,734 - INFO - Failed, Trying 30 time
2024-05-23 13:30:06,734 - ERROR - Exception occurred: cannot access local variable 'function_number' where it is not associated with a value
2024-05-23 13:30:07,739 - INFO - Failed, Trying 31 time
2024-05-23 13:30:07,742 - ERROR - Exception occurred: cannot access local variable 'function_number' where it is not associated with a value
2024-05-23 13:30:08,750 - INFO - Failed, Trying 32 time
2024-05-23 13:30:08,750 - ERROR - Exception occurred: cannot access local variable 'function_number' where it is not associated with a value
2024-05-23 13:30:09,760 - INFO - Failed, Trying 33 time
2024-05-23 13:30:09,760 - ERROR - Exception occurred: cannot access local variable 'function_number' where it is not associated with a value
2024-05-23 13:30:10,770 - INFO - Failed, Trying 34 time
2024-05-23 13:30:10,770 - ERROR - Exception occurred: cannot access local variable 'function_number' where it is not associated with a value
2024-05-23 13:34:08,932 - INFO - patching driver executable C:\Users\ANAS KHAN\appdata\roaming\undetected_chromedriver\undetected_chromedriver.exe
2024-05-23 13:34:59,304 - INFO - Opening Tab 1
2024-05-23 13:34:59,636 - INFO - Opening Tab 2
2024-05-23 13:34:59,857 - INFO - Opening Tab 3
2024-05-23 13:35:12,576 - INFO - Total tabs: 4
2024-05-23 13:35:12,577 - INFO - Tab index: 0, Window handle: 4914A19AAD10C38A4AC610D234815AAB
2024-05-23 13:35:12,577 - INFO - Tab index: 1, Window handle: DA869C02D0C315C002103B94A419D13D
2024-05-23 13:35:12,577 - INFO - Tab index: 2, Window handle: 2D1126EE41B5B011B28EFA728AD423EF
2024-05-23 13:35:12,577 - INFO - Tab index: 3, Window handle: 291D3BC176384F046E82F9072EE1429B
2024-05-23 13:35:39,820 - ERROR - Exception occurred: cannot access local variable 'function_number' where it is not associated with a value
2024-05-23 13:35:40,822 - INFO - Failed, Trying 2 time
2024-05-23 13:36:02,448 - INFO - patching driver executable C:\Users\ANAS KHAN\appdata\roaming\undetected_chromedriver\undetected_chromedriver.exe
2024-05-23 13:36:04,468 - INFO - Opening Tab 1
2024-05-23 13:36:04,968 - INFO - Opening Tab 2
2024-05-23 13:36:05,191 - INFO - Opening Tab 3
2024-05-23 13:36:17,727 - INFO - Total tabs: 4
2024-05-23 13:36:17,731 - INFO - Tab index: 0, Window handle: 7E5BA16A5018122894134FC03EE67D3B
2024-05-23 13:36:17,731 - INFO - Tab index: 1, Window handle: 08A7AE95C238FCF586A2B64CA99EE93D
2024-05-23 13:36:17,731 - INFO - Tab index: 2, Window handle: F4925AD94B72993F6D416AAF7B8E27EE
2024-05-23 13:36:17,731 - INFO - Tab index: 3, Window handle: 8C865F86E83E0E110796F2D7362191AF
2024-05-23 13:36:42,593 - ERROR - Exception occurred: cannot access local variable 'function_number' where it is not associated with a value
2024-05-23 13:36:43,603 - INFO - Failed, Trying 2 time
2024-05-23 13:36:48,361 - ERROR - Exception occurred: cannot access local variable 'function_number' where it is not associated with a value
2024-05-23 13:36:49,362 - INFO - Failed, Trying 3 time
2024-05-23 13:36:55,985 - ERROR - Exception occurred: cannot access local variable 'function_number' where it is not associated with a value
2024-05-23 13:36:56,986 - INFO - Failed, Trying 4 time
2024-05-23 13:37:00,178 - ERROR - Exception occurred: cannot access local variable 'function_number' where it is not associated with a value
2024-05-23 13:37:01,179 - INFO - Failed, Trying 5 time
2024-05-23 13:37:04,373 - ERROR - Exception occurred: cannot access local variable 'function_number' where it is not associated with a value
2024-05-23 13:37:05,374 - INFO - Failed, Trying 6 time
2024-05-23 13:37:12,832 - ERROR - Exception occurred: cannot access local variable 'function_number' where it is not associated with a value
2024-05-23 13:37:13,832 - INFO - Failed, Trying 7 time
2024-05-23 13:37:16,974 - ERROR - Exception occurred: cannot access local variable 'function_number' where it is not associated with a value
2024-05-23 13:37:17,975 - INFO - Failed, Trying 8 time
2024-05-23 13:37:21,217 - ERROR - Exception occurred: cannot access local variable 'function_number' where it is not associated with a value
2024-05-23 13:37:22,218 - INFO - Failed, Trying 9 time
2024-05-23 13:37:26,098 - ERROR - Exception occurred: cannot access local variable 'function_number' where it is not associated with a value
2024-05-23 13:37:27,100 - INFO - Failed, Trying 10 time
2024-05-23 13:37:30,073 - ERROR - Exception occurred: cannot access local variable 'function_number' where it is not associated with a value
2024-05-23 13:37:31,074 - INFO - Failed, Trying 11 time
2024-05-23 13:37:35,500 - ERROR - Exception occurred: cannot access local variable 'function_number' where it is not associated with a value
2024-05-23 13:37:36,502 - INFO - Failed, Trying 12 time
2024-05-23 13:37:39,102 - ERROR - Exception occurred: cannot access local variable 'function_number' where it is not associated with a value
2024-05-23 13:37:40,103 - INFO - Failed, Trying 13 time
2024-05-23 13:37:43,458 - ERROR - Exception occurred: cannot access local variable 'function_number' where it is not associated with a value
2024-05-23 13:37:44,459 - INFO - Failed, Trying 14 time
2024-05-23 13:37:49,452 - ERROR - Exception occurred: cannot access local variable 'function_number' where it is not associated with a value
2024-05-23 13:37:50,453 - INFO - Failed, Trying 15 time
2024-05-23 13:37:57,035 - ERROR - Exception occurred: cannot access local variable 'function_number' where it is not associated with a value
2024-05-23 13:37:58,036 - INFO - Failed, Trying 16 time
2024-05-23 13:38:01,115 - ERROR - Exception occurred: cannot access local variable 'function_number' where it is not associated with a value
2024-05-23 13:38:02,116 - INFO - Failed, Trying 17 time
2024-05-23 13:38:04,972 - ERROR - Exception occurred: cannot access local variable 'function_number' where it is not associated with a value
2024-05-23 13:38:05,973 - INFO - Failed, Trying 18 time
2024-05-23 13:38:08,772 - ERROR - Exception occurred: cannot access local variable 'function_number' where it is not associated with a value
2024-05-23 13:38:09,773 - INFO - Failed, Trying 19 time
2024-05-23 13:38:12,140 - ERROR - Exception occurred: cannot access local variable 'function_number' where it is not associated with a value
2024-05-23 13:38:13,141 - INFO - Failed, Trying 20 time
2024-05-23 13:38:15,951 - ERROR - Exception occurred: cannot access local variable 'function_number' where it is not associated with a value
2024-05-23 13:38:16,952 - INFO - Failed, Trying 21 time
2024-05-23 13:38:19,864 - ERROR - Exception occurred: cannot access local variable 'function_number' where it is not associated with a value
2024-05-23 13:38:20,866 - INFO - Failed, Trying 22 time
2024-05-23 13:38:23,497 - ERROR - Exception occurred: cannot access local variable 'function_number' where it is not associated with a value
2024-05-23 13:38:24,498 - INFO - Failed, Trying 23 time
2024-05-23 13:38:29,278 - ERROR - Exception occurred: cannot access local variable 'function_number' where it is not associated with a value
2024-05-23 13:38:30,279 - INFO - Failed, Trying 24 time
2024-05-23 13:38:35,391 - ERROR - Exception occurred: cannot access local variable 'function_number' where it is not associated with a value
2024-05-23 13:38:36,392 - INFO - Failed, Trying 25 time
2024-05-23 13:39:05,506 - INFO - patching driver executable C:\Users\ANAS KHAN\appdata\roaming\undetected_chromedriver\undetected_chromedriver.exe
2024-05-23 13:39:07,567 - INFO - Opening Tab 1
2024-05-23 13:39:08,644 - INFO - Opening Tab 2
2024-05-23 13:39:08,864 - INFO - Opening Tab 3
2024-05-23 13:39:21,103 - INFO - Total tabs: 4
2024-05-23 13:39:21,108 - INFO - Tab index: 0, Window handle: 0D40A7B4BD490A3588BE921F76F01831
2024-05-23 13:39:21,108 - INFO - Tab index: 1, Window handle: 17CEC0E5E076DF53AABF8C57E8C7AB2B
2024-05-23 13:39:21,109 - INFO - Tab index: 2, Window handle: 4B71B280EF70FE253218121D8691A478
2024-05-23 13:39:21,109 - INFO - Tab index: 3, Window handle: 0BF640B096B4F664A990F60C44D57C89
2024-05-23 13:39:44,754 - ERROR - Exception occurred: cannot access local variable 'function_number' where it is not associated with a value
2024-05-23 13:39:45,759 - INFO - Failed, Trying 2 time
2024-05-23 13:39:50,487 - ERROR - Exception occurred: cannot access local variable 'function_number' where it is not associated with a value
2024-05-23 13:39:51,488 - INFO - Failed, Trying 3 time
2024-05-23 13:39:54,542 - ERROR - Exception occurred: cannot access local variable 'function_number' where it is not associated with a value
2024-05-23 13:39:55,543 - INFO - Failed, Trying 4 time
2024-05-23 13:39:58,857 - ERROR - Exception occurred: cannot access local variable 'function_number' where it is not associated with a value
2024-05-23 13:39:59,858 - INFO - Failed, Trying 5 time
2024-05-23 13:40:02,976 - ERROR - Exception occurred: cannot access local variable 'function_number' where it is not associated with a value
2024-05-23 13:40:03,977 - INFO - Failed, Trying 6 time
2024-05-23 13:40:09,100 - ERROR - Exception occurred: cannot access local variable 'function_number' where it is not associated with a value
2024-05-23 13:40:10,102 - INFO - Failed, Trying 7 time
2024-05-23 13:40:15,451 - ERROR - Exception occurred: cannot access local variable 'function_number' where it is not associated with a value
2024-05-23 13:40:16,452 - INFO - Failed, Trying 8 time
2024-05-23 13:40:24,669 - ERROR - Exception occurred: cannot access local variable 'function_number' where it is not associated with a value
2024-05-23 13:40:25,670 - INFO - Failed, Trying 9 time
2024-05-23 13:40:31,779 - ERROR - Exception occurred: cannot access local variable 'function_number' where it is not associated with a value
2024-05-23 13:40:32,780 - INFO - Failed, Trying 10 time
2024-05-23 13:40:38,272 - ERROR - Exception occurred: cannot access local variable 'function_number' where it is not associated with a value
2024-05-23 13:40:39,273 - INFO - Failed, Trying 11 time
2024-05-23 13:40:45,847 - ERROR - Exception occurred: cannot access local variable 'function_number' where it is not associated with a value
2024-05-23 13:40:46,848 - INFO - Failed, Trying 12 time
2024-05-23 13:40:52,143 - ERROR - Exception occurred: cannot access local variable 'function_number' where it is not associated with a value
2024-05-23 13:40:53,144 - INFO - Failed, Trying 13 time
2024-05-23 13:41:29,478 - INFO - patching driver executable C:\Users\ANAS KHAN\appdata\roaming\undetected_chromedriver\undetected_chromedriver.exe
2024-05-23 13:41:31,361 - INFO - Opening Tab 1
2024-05-23 13:41:31,679 - INFO - Opening Tab 2
2024-05-23 13:41:31,901 - INFO - Opening Tab 3
2024-05-23 13:41:46,282 - INFO - Total tabs: 4
2024-05-23 13:41:46,284 - INFO - Tab index: 0, Window handle: 31E1B5B6C888A52BF8D9CE252C1CEF19
2024-05-23 13:41:46,284 - INFO - Tab index: 1, Window handle: 8360242386B98A676EADF9BA57891816
2024-05-23 13:41:46,284 - INFO - Tab index: 2, Window handle: D8821C4976E15D75CD342412249EC9D7
2024-05-23 13:41:46,284 - INFO - Tab index: 3, Window handle: 555657D383A1DF04F5406E60D542CADA
2024-05-23 13:42:40,941 - INFO - TestFunction2
2024-05-23 13:42:40,966 - INFO - Switched to Tab 1
2024-05-23 13:42:44,767 - INFO - TestFunction3
2024-05-23 13:42:44,794 - INFO - Switched to Tab 2
2024-05-23 13:42:48,522 - INFO - TestFunction4
2024-05-23 13:42:48,544 - INFO - Switched to Tab 3
2024-05-23 13:51:16,535 - ERROR - Exception occurred: Message: 
Stacktrace:
	GetHandleVerifier [0x010CB793+45827]
	(No symbol) [0x0105DB74]
	(No symbol) [0x00F5150F]
	(No symbol) [0x00F920BC]
	(No symbol) [0x00F9216B]
	(No symbol) [0x00FCE0F2]
	(No symbol) [0x00FB2E44]
	(No symbol) [0x00FCC034]
	(No symbol) [0x00FB2B96]
	(No symbol) [0x00F86998]
	(No symbol) [0x00F8751D]
	GetHandleVerifier [0x013843C3+2899763]
	GetHandleVerifier [0x013D77ED+3240797]
	GetHandleVerifier [0x01151264+593364]
	GetHandleVerifier [0x0115818C+621820]
	(No symbol) [0x01066F54]
	(No symbol) [0x01063658]
	(No symbol) [0x010637F7]
	(No symbol) [0x010558AE]
	BaseThreadInitThunk [0x7718FCC9+25]
	RtlGetAppContainerNamedObjectPath [0x778F7CBE+286]
	RtlGetAppContainerNamedObjectPath [0x778F7C8E+238]

2024-05-23 13:51:17,535 - INFO - Failed, Trying 2 time
2024-05-23 13:51:27,303 - INFO - TestFunction2
2024-05-23 13:51:27,319 - INFO - Switched to Tab 1
2024-05-23 13:52:04,687 - ERROR - Exception occurred: Message: 
Stacktrace:
	GetHandleVerifier [0x010CB793+45827]
	(No symbol) [0x0105DB74]
	(No symbol) [0x00F5150F]
	(No symbol) [0x00F920BC]
	(No symbol) [0x00F9216B]
	(No symbol) [0x00FCE0F2]
	(No symbol) [0x00FB2E44]
	(No symbol) [0x00FCC034]
	(No symbol) [0x00FB2B96]
	(No symbol) [0x00F86998]
	(No symbol) [0x00F8751D]
	GetHandleVerifier [0x013843C3+2899763]
	GetHandleVerifier [0x013D77ED+3240797]
	GetHandleVerifier [0x01151264+593364]
	GetHandleVerifier [0x0115818C+621820]
	(No symbol) [0x01066F54]
	(No symbol) [0x01063658]
	(No symbol) [0x010637F7]
	(No symbol) [0x010558AE]
	BaseThreadInitThunk [0x7718FCC9+25]
	RtlGetAppContainerNamedObjectPath [0x778F7CBE+286]
	RtlGetAppContainerNamedObjectPath [0x778F7C8E+238]

2024-05-23 13:52:05,736 - INFO - Failed, Trying 3 time
2024-05-23 13:53:53,247 - INFO - TestFunction2
2024-05-23 13:53:53,320 - INFO - Switched to Tab 1
2024-05-23 13:54:30,788 - ERROR - Exception occurred: Message: 

2024-05-23 13:54:31,798 - INFO - Failed, Trying 4 time
2024-05-23 13:55:00,111 - INFO - TestFunction2
2024-05-23 13:55:00,134 - INFO - Switched to Tab 1
2024-05-23 13:55:37,475 - ERROR - Exception occurred: Message: 

2024-05-23 13:55:38,500 - INFO - Failed, Trying 5 time
2024-05-23 13:57:17,785 - INFO - TestFunction2
2024-05-23 13:57:17,931 - INFO - Switched to Tab 1
2024-05-23 13:57:55,354 - ERROR - Exception occurred: Message: 

2024-05-23 13:57:56,412 - INFO - Failed, Trying 6 time
2024-05-23 13:58:55,176 - INFO - TestFunction2
2024-05-23 13:58:55,212 - INFO - Switched to Tab 1
2024-05-23 13:59:32,654 - ERROR - Exception occurred: Message: 
Stacktrace:
	GetHandleVerifier [0x010CB793+45827]
	(No symbol) [0x0105DB74]
	(No symbol) [0x00F5150F]
	(No symbol) [0x00F920BC]
	(No symbol) [0x00F9216B]
	(No symbol) [0x00FCE0F2]
	(No symbol) [0x00FB2E44]
	(No symbol) [0x00FCC034]
	(No symbol) [0x00FB2B96]
	(No symbol) [0x00F86998]
	(No symbol) [0x00F8751D]
	GetHandleVerifier [0x013843C3+2899763]
	GetHandleVerifier [0x013D77ED+3240797]
	GetHandleVerifier [0x01151264+593364]
	GetHandleVerifier [0x0115818C+621820]
	(No symbol) [0x01066F54]
	(No symbol) [0x01063658]
	(No symbol) [0x010637F7]
	(No symbol) [0x010558AE]
	BaseThreadInitThunk [0x7718FCC9+25]
	RtlGetAppContainerNamedObjectPath [0x778F7CBE+286]
	RtlGetAppContainerNamedObjectPath [0x778F7C8E+238]

2024-05-23 13:59:33,655 - INFO - Failed, Trying 7 time
2024-05-23 14:01:16,840 - INFO - TestFunction2
2024-05-23 14:01:16,848 - INFO - Switched to Tab 1
2024-05-23 14:01:53,915 - ERROR - Exception occurred: Message: 

2024-05-23 14:01:54,916 - INFO - Failed, Trying 8 time
2024-05-23 14:02:04,943 - INFO - TestFunction2
2024-05-23 14:02:04,952 - INFO - Switched to Tab 1
2024-05-23 14:02:42,085 - ERROR - Exception occurred: Message: 

2024-05-23 14:02:43,086 - INFO - Failed, Trying 9 time
2024-05-23 14:03:10,817 - INFO - TestFunction2
2024-05-23 14:03:10,825 - INFO - Switched to Tab 1
2024-05-23 14:03:48,013 - ERROR - Exception occurred: Message: 

2024-05-23 14:03:49,014 - INFO - Failed, Trying 10 time
2024-05-23 14:04:05,316 - INFO - TestFunction2
2024-05-23 14:04:05,338 - INFO - Switched to Tab 1
2024-05-23 14:04:42,387 - ERROR - Exception occurred: Message: 

2024-05-23 14:04:43,388 - INFO - Failed, Trying 11 time
2024-05-23 14:05:01,833 - INFO - TestFunction2
2024-05-23 14:05:01,845 - INFO - Switched to Tab 1
2024-05-23 14:05:39,035 - ERROR - Exception occurred: Message: 

2024-05-23 14:05:40,035 - INFO - Failed, Trying 12 time
2024-05-23 14:05:53,640 - INFO - TestFunction2
2024-05-23 14:05:53,656 - INFO - Switched to Tab 1
2024-05-23 14:06:31,107 - ERROR - Exception occurred: Message: 

2024-05-23 14:06:32,108 - INFO - Failed, Trying 13 time
2024-05-23 14:06:47,827 - INFO - TestFunction2
2024-05-23 14:06:47,850 - INFO - Switched to Tab 1
2024-05-23 14:07:25,132 - ERROR - Exception occurred: Message: 

2024-05-23 14:07:26,133 - INFO - Failed, Trying 14 time
2024-05-23 14:07:35,530 - INFO - TestFunction2
2024-05-23 14:07:35,547 - INFO - Switched to Tab 1
2024-05-23 14:08:12,976 - ERROR - Exception occurred: Message: 
Stacktrace:
	GetHandleVerifier [0x010CB793+45827]
	(No symbol) [0x0105DB74]
	(No symbol) [0x00F5150F]
	(No symbol) [0x00F920BC]
	(No symbol) [0x00F9216B]
	(No symbol) [0x00FCE0F2]
	(No symbol) [0x00FB2E44]
	(No symbol) [0x00FCC034]
	(No symbol) [0x00FB2B96]
	(No symbol) [0x00F86998]
	(No symbol) [0x00F8751D]
	GetHandleVerifier [0x013843C3+2899763]
	GetHandleVerifier [0x013D77ED+3240797]
	GetHandleVerifier [0x01151264+593364]
	GetHandleVerifier [0x0115818C+621820]
	(No symbol) [0x01066F54]
	(No symbol) [0x01063658]
	(No symbol) [0x010637F7]
	(No symbol) [0x010558AE]
	BaseThreadInitThunk [0x7718FCC9+25]
	RtlGetAppContainerNamedObjectPath [0x778F7CBE+286]
	RtlGetAppContainerNamedObjectPath [0x778F7C8E+238]

2024-05-23 14:08:13,977 - INFO - Failed, Trying 15 time
2024-05-23 14:08:23,097 - INFO - TestFunction2
2024-05-23 14:08:23,112 - INFO - Switched to Tab 1
2024-05-23 14:09:00,165 - ERROR - Exception occurred: Message: 

2024-05-23 14:09:01,166 - INFO - Failed, Trying 16 time
2024-05-23 14:09:07,809 - INFO - TestFunction2
2024-05-23 14:09:07,820 - INFO - Switched to Tab 1
2024-05-23 14:09:44,921 - ERROR - Exception occurred: Message: 

2024-05-23 14:09:45,922 - INFO - Failed, Trying 17 time
2024-05-23 14:09:52,192 - INFO - TestFunction2
2024-05-23 14:09:52,202 - INFO - Switched to Tab 1
2024-05-23 14:10:01,078 - INFO - TestFunction3
2024-05-23 14:10:01,109 - INFO - Switched to Tab 2
2024-05-23 14:10:04,721 - INFO - TestFunction4
2024-05-23 14:10:04,733 - INFO - Switched to Tab 3
2024-05-23 14:10:28,602 - INFO - TestFunction2 Successful
2024-05-23 14:10:30,186 - INFO - TestFunction3 Successful
2024-05-23 14:10:31,747 - INFO - TestFunction4 Successful
2024-05-23 14:45:17,658 - INFO - patching driver executable C:\Users\ANAS KHAN\appdata\roaming\undetected_chromedriver\undetected_chromedriver.exe
2024-05-23 14:45:21,953 - INFO - Opening Tab 1
2024-05-23 14:45:28,022 - INFO - Opening Tab 2
2024-05-23 14:45:28,269 - INFO - Opening Tab 3
2024-05-23 14:45:38,938 - INFO - Total tabs: 4
2024-05-23 14:45:38,942 - INFO - Tab index: 0, Window handle: 688BFF3457A9048677F242F933E5CD1E
2024-05-23 14:45:38,942 - INFO - Tab index: 1, Window handle: 2AE62BE8491D6740B16E049359C24042
2024-05-23 14:45:38,942 - INFO - Tab index: 2, Window handle: 39F1F6F06508F0F4B9C654197BDA3E80
2024-05-23 14:45:38,942 - INFO - Tab index: 3, Window handle: 7B04D875F154E89FDC447F7400B9E42B
2024-05-23 14:46:13,170 - INFO - TestFunction2
2024-05-23 14:46:13,196 - INFO - Switched to Tab 1
2024-05-23 14:46:16,984 - INFO - TestFunction3
2024-05-23 14:46:17,027 - INFO - Switched to Tab 2
2024-05-23 14:46:21,223 - INFO - TestFunction4
2024-05-23 14:46:21,267 - INFO - Switched to Tab 3
2024-05-23 14:46:31,594 - INFO - TestFunction2 Successful
2024-05-23 14:46:33,240 - INFO - TestFunction3 Successful
2024-05-23 14:46:34,866 - INFO - TestFunction4 Successful
2024-05-23 14:46:34,866 - INFO - Run Completed
2024-05-23 14:46:34,866 - INFO - {'successful_functions': ['TestFunction', 'TestFunction', 'TestFunction'], 'status': 'SUCCESSFULL'}
2024-05-23 14:48:54,328 - INFO - patching driver executable C:\Users\ANAS KHAN\appdata\roaming\undetected_chromedriver\undetected_chromedriver.exe
2024-05-23 14:48:56,138 - INFO - Opening Tab 1
2024-05-23 14:49:02,803 - INFO - Opening Tab 2
2024-05-23 14:49:13,387 - INFO - Total tabs: 3
2024-05-23 14:49:13,387 - INFO - Tab index: 0, Window handle: 07E7CB171A377B9E91943F9F19EFDCB8
2024-05-23 14:49:13,387 - INFO - Tab index: 1, Window handle: BA0B8D288515A7D8C0B735CDC48686BC
2024-05-23 14:49:13,387 - INFO - Tab index: 2, Window handle: EB02764FE880520768D21723026B81E0
2024-05-23 14:49:52,440 - INFO - TestFunction1
2024-05-23 14:49:52,465 - INFO - Switched to Tab 1
2024-05-23 14:49:56,122 - INFO - TestFunction2
2024-05-23 14:49:56,144 - INFO - Switched to Tab 2
2024-05-23 14:50:06,499 - INFO - TestFunction1 Successful
2024-05-23 14:50:08,148 - INFO - TestFunction2 Successful
2024-05-23 14:50:08,148 - INFO - Run Completed
2024-05-23 14:50:08,148 - INFO - {'successful_functions': ['TestFunction', 'TestFunction'], 'status': 'SUCCESSFULL'}
2024-05-23 14:53:28,793 - INFO - patching driver executable C:\Users\ANAS KHAN\appdata\roaming\undetected_chromedriver\undetected_chromedriver.exe
2024-05-23 14:53:30,846 - INFO - Opening Tab 1
2024-05-23 14:53:36,960 - INFO - Opening Tab 2
2024-05-23 14:53:46,808 - INFO - Total tabs: 3
2024-05-23 14:53:46,812 - INFO - Tab index: 0, Window handle: 917406909A8EFFA55C6101912B77AFB7
2024-05-23 14:53:46,813 - INFO - Tab index: 1, Window handle: 0BB804EE7AB9B4E93D93FC38BD97A800
2024-05-23 14:53:46,813 - INFO - Tab index: 2, Window handle: 278EA676FC8B29B369E010FD0075F5E1
2024-05-23 14:54:10,015 - INFO - TestFunction1
2024-05-23 14:54:10,035 - INFO - Switched to Tab 1
2024-05-23 14:54:13,676 - INFO - TestFunction2
2024-05-23 14:54:13,704 - INFO - Switched to Tab 2
2024-05-23 14:54:24,088 - INFO - TestFunction1 Successful
2024-05-23 14:54:25,739 - INFO - TestFunction2 Successful
2024-05-23 14:54:25,739 - INFO - Run Completed
2024-05-23 14:54:25,740 - INFO - {'successful_functions': ['TestFunction', 'TestFunction'], 'status': 'SUCCESSFULL'}
2024-05-23 14:56:15,315 - INFO - patching driver executable C:\Users\ANAS KHAN\appdata\roaming\undetected_chromedriver\undetected_chromedriver.exe
2024-05-23 14:56:17,170 - INFO - Opening Tab 1
2024-05-23 14:56:17,469 - INFO - Opening Tab 2
2024-05-23 14:56:31,760 - INFO - Total tabs: 3
2024-05-23 14:56:31,764 - INFO - Tab index: 0, Window handle: FA011BF578F1C2F55C81E91AC948211A
2024-05-23 14:56:31,764 - INFO - Tab index: 1, Window handle: 269FE86A6589A7A837C89242C9F3882A
2024-05-23 14:56:31,764 - INFO - Tab index: 2, Window handle: A7B8BEE67C522822A180326CA07B21F3
2024-05-23 14:57:02,035 - INFO - TestFunction1
2024-05-23 14:57:02,055 - INFO - Switched to Tab 1
2024-05-23 14:57:05,762 - INFO - TestFunction2
2024-05-23 14:57:05,795 - INFO - Switched to Tab 2
2024-05-23 14:57:17,164 - INFO - TestFunction1 Successful
2024-05-23 14:57:18,798 - INFO - TestFunction2 Successful
2024-05-23 14:57:18,798 - INFO - Run Completed
2024-05-23 14:57:18,798 - INFO - {'successful_functions': ['TestFunction1', 'TestFunction2'], 'status': 'SUCCESSFULL'}
2024-05-23 15:02:21,921 - INFO - patching driver executable C:\Users\ANAS KHAN\appdata\roaming\undetected_chromedriver\undetected_chromedriver.exe
2024-05-23 15:02:24,150 - INFO - Opening Tab 1
2024-05-23 15:02:31,931 - INFO - Opening Tab 2
2024-05-23 15:02:32,172 - INFO - Opening Tab 3
2024-05-23 15:02:39,195 - ERROR - Message: element not interactable
  (Session info: chrome=125.0.6422.61)
Stacktrace:
	GetHandleVerifier [0x004CB793+45827]
	(No symbol) [0x0045DB74]
	(No symbol) [0x0035138D]
	(No symbol) [0x0038CED9]
	(No symbol) [0x0038B825]
	(No symbol) [0x003B2DFC]
	(No symbol) [0x00388075]
	(No symbol) [0x003B3094]
	(No symbol) [0x003CC034]
	(No symbol) [0x003B2B96]
	(No symbol) [0x00386998]
	(No symbol) [0x0038751D]
	GetHandleVerifier [0x007843C3+2899763]
	GetHandleVerifier [0x007D77ED+3240797]
	GetHandleVerifier [0x00551264+593364]
	GetHandleVerifier [0x0055818C+621820]
	(No symbol) [0x00466F54]
	(No symbol) [0x00463658]
	(No symbol) [0x004637F7]
	(No symbol) [0x004558AE]
	BaseThreadInitThunk [0x7718FCC9+25]
	RtlGetAppContainerNamedObjectPath [0x778F7CBE+286]
	RtlGetAppContainerNamedObjectPath [0x778F7C8E+238]

2024-05-23 15:05:04,044 - INFO - patching driver executable C:\Users\ANAS KHAN\appdata\roaming\undetected_chromedriver\undetected_chromedriver.exe
2024-05-23 15:05:05,922 - INFO - Opening Tab 1
2024-05-23 15:05:15,771 - INFO - Opening Tab 2
2024-05-23 15:05:15,997 - INFO - Opening Tab 3
2024-05-23 15:05:27,109 - INFO - Total tabs: 4
2024-05-23 15:05:27,114 - INFO - Tab index: 0, Window handle: EEBCC8C01DE7ACDB5C9EA70759E4C208
2024-05-23 15:05:27,114 - INFO - Tab index: 1, Window handle: 844E1C79BF57022FA93B53FAAD27BB96
2024-05-23 15:05:27,114 - INFO - Tab index: 2, Window handle: 30AA7C84B4EC821C209C648B3A924289
2024-05-23 15:05:27,115 - INFO - Tab index: 3, Window handle: 3158F68AB2650958F0A2984807128747
2024-05-23 15:06:12,984 - INFO - TestFunction2
2024-05-23 15:06:13,011 - INFO - Switched to Tab 1
2024-05-23 15:06:16,614 - INFO - TestFunction3
2024-05-23 15:06:16,643 - INFO - Switched to Tab 2
2024-05-23 15:06:20,817 - INFO - TestFunction4
2024-05-23 15:06:20,872 - INFO - Switched to Tab 3
2024-05-23 15:06:51,805 - INFO - TestFunction2 Successful
2024-05-23 15:06:53,423 - INFO - TestFunction3 Successful
2024-05-23 15:06:55,057 - INFO - TestFunction4 Successful
2024-05-23 15:06:55,057 - INFO - Run Completed
2024-05-23 15:06:55,057 - INFO - {'successful_functions': ['TestFunction2', 'TestFunction3', 'TestFunction4'], 'status': 'SUCCESSFULL'}
2024-05-23 15:09:47,043 - INFO - patching driver executable C:\Users\ANAS KHAN\appdata\roaming\undetected_chromedriver\undetected_chromedriver.exe
2024-05-23 15:09:49,103 - INFO - Opening Tab 1
2024-05-23 15:09:53,721 - INFO - Opening Tab 2
2024-05-23 15:09:53,964 - INFO - Opening Tab 3
2024-05-23 15:10:04,645 - INFO - Total tabs: 4
2024-05-23 15:10:04,648 - INFO - Tab index: 0, Window handle: 70C4ABB92D6C70A1408221268CA6FFFE
2024-05-23 15:10:04,648 - INFO - Tab index: 1, Window handle: 2D88F597E1C7EB22C7AA74322FBCDAD6
2024-05-23 15:10:04,648 - INFO - Tab index: 2, Window handle: 04C813036402604A814F470FA7E5B0B9
2024-05-23 15:10:04,648 - INFO - Tab index: 3, Window handle: E27707550D40A13D76F2716CB7F4574F
2024-05-23 15:10:54,615 - INFO - TestFunction2
2024-05-23 15:10:54,636 - INFO - Switched to Tab 1
2024-05-23 15:10:58,276 - INFO - TestFunction3
2024-05-23 15:10:58,300 - INFO - Switched to Tab 2
2024-05-23 15:11:01,934 - INFO - TestFunction4
2024-05-23 15:11:01,959 - INFO - Switched to Tab 3
2024-05-23 15:11:15,330 - INFO - TestFunction2 Successful
2024-05-23 15:11:16,963 - INFO - TestFunction3 Successful
2024-05-23 15:11:18,552 - INFO - TestFunction4 Successful
2024-05-23 15:11:18,552 - INFO - Run Completed
2024-05-23 15:11:18,552 - INFO - {'successful_functions': ['TestFunction2', 'TestFunction3', 'TestFunction4'], 'status': 'SUCCESSFULL'}
2024-05-23 16:26:28,206 - INFO - patching driver executable C:\Users\ANAS KHAN\appdata\roaming\undetected_chromedriver\undetected_chromedriver.exe
2024-05-23 16:26:30,229 - INFO - Opening Tab 1
2024-05-23 16:26:31,161 - INFO - Opening Tab 2
2024-05-23 16:26:31,382 - INFO - Opening Tab 3
2024-05-23 16:26:31,603 - INFO - Opening Tab 4
2024-05-23 16:26:31,823 - INFO - Opening Tab 5
2024-05-23 16:26:32,047 - INFO - Opening Tab 6
2024-05-23 16:26:32,268 - INFO - Opening Tab 7
2024-05-23 16:26:32,490 - INFO - Opening Tab 8
2024-05-23 16:26:32,713 - INFO - Opening Tab 9
2024-05-23 16:26:32,938 - INFO - Opening Tab 10
2024-05-23 16:26:33,179 - INFO - Opening Tab 11
2024-05-23 16:26:33,396 - INFO - Opening Tab 12
2024-05-23 16:26:33,621 - INFO - Opening Tab 13
2024-05-23 16:26:33,845 - INFO - Opening Tab 14
2024-05-23 16:26:34,073 - INFO - Opening Tab 15
2024-05-23 16:26:34,299 - INFO - Opening Tab 16
2024-05-23 16:26:34,522 - INFO - Opening Tab 17
2024-05-23 16:26:34,745 - INFO - Opening Tab 18
2024-05-23 16:26:34,972 - INFO - Opening Tab 19
2024-05-23 16:26:35,196 - INFO - Opening Tab 20
2024-05-23 16:26:35,476 - INFO - Opening Tab 21
2024-05-23 16:26:35,697 - INFO - Opening Tab 22
2024-05-23 16:26:44,676 - INFO - Total tabs: 23
2024-05-23 16:26:44,682 - INFO - Tab index: 0, Window handle: 1C5DA6091BD1F28E4E3E83EB62F6F8B4
2024-05-23 16:26:44,683 - INFO - Tab index: 1, Window handle: 1F515930A745FFD59EFE99FE1FD83733
2024-05-23 16:26:44,683 - INFO - Tab index: 2, Window handle: 86F1B5CC45BC43F682243AA4E661CA42
2024-05-23 16:26:44,683 - INFO - Tab index: 3, Window handle: 0470F33602FCA0969E96FB4A1393E030
2024-05-23 16:26:44,683 - INFO - Tab index: 4, Window handle: 8949844B113CF38C8E62AEBE62DFC2E7
2024-05-23 16:26:44,683 - INFO - Tab index: 5, Window handle: AE11DD9FBEEB89004D6189ABE8020587
2024-05-23 16:26:44,684 - INFO - Tab index: 6, Window handle: 48EFCDA25654F39825E3F103677DE049
2024-05-23 16:26:44,684 - INFO - Tab index: 7, Window handle: 7C12C91C5691ACAA0B0F11674EE64EAA
2024-05-23 16:26:44,684 - INFO - Tab index: 8, Window handle: 55F53B9F7761DADD78941D833ACBED04
2024-05-23 16:26:44,684 - INFO - Tab index: 9, Window handle: 960081B0F21EB462DDF9E25379556764
2024-05-23 16:26:44,684 - INFO - Tab index: 10, Window handle: 2A9DE5C4C9EF601B3C89302701314F9B
2024-05-23 16:26:44,684 - INFO - Tab index: 11, Window handle: DB570AEB9A180A9EB53E97470E5113B7
2024-05-23 16:26:44,685 - INFO - Tab index: 12, Window handle: 8035EF183459E20D60BF7F03A9E8D345
2024-05-23 16:26:44,685 - INFO - Tab index: 13, Window handle: C7192C3C3AC2BA6AE36FCF25B199F832
2024-05-23 16:26:44,685 - INFO - Tab index: 14, Window handle: 2C14F152F925B0A59E2CCA40BDACD5D6
2024-05-23 16:26:44,685 - INFO - Tab index: 15, Window handle: A02DEF401C1946E64CE274643AC66E9B
2024-05-23 16:26:44,685 - INFO - Tab index: 16, Window handle: 0745CBA869B07476EBD60D0C6DCF2223
2024-05-23 16:26:44,686 - INFO - Tab index: 17, Window handle: 7BC2487D3E9D39CDB826259826F097A5
2024-05-23 16:26:44,686 - INFO - Tab index: 18, Window handle: 2FE7433793D7E2444ADBB6E5F9CEC5E1
2024-05-23 16:26:44,686 - INFO - Tab index: 19, Window handle: 144442763077E471E1FFC3550FC23C97
2024-05-23 16:26:44,686 - INFO - Tab index: 20, Window handle: AF7930C57FB113592A2AB5176C9F89E4
2024-05-23 16:26:44,686 - INFO - Tab index: 21, Window handle: 362164DFD1D7B3EC66C613D607602240
2024-05-23 16:26:44,687 - INFO - Tab index: 22, Window handle: 48B17122750C394004299AB832C3539B
2024-05-23 16:27:05,759 - ERROR - Exception occurred: list index out of range
2024-05-23 16:27:06,761 - INFO - Failed, Trying 2 time
2024-05-23 16:27:06,763 - ERROR - Exception occurred: Message: disconnected: not connected to DevTools
  (failed to check if window was closed: disconnected: not connected to DevTools)
  (Session info: chrome=125.0.6422.61)
Stacktrace:
	GetHandleVerifier [0x0069B793+45827]
	(No symbol) [0x0062DB74]
	(No symbol) [0x0052150F]
	(No symbol) [0x0050B447]
	(No symbol) [0x0050BD1D]
	(No symbol) [0x00521A22]
	(No symbol) [0x004FDD1D]
	(No symbol) [0x0058F737]
	(No symbol) [0x00582DC3]
	(No symbol) [0x00556998]
	(No symbol) [0x0055751D]
	GetHandleVerifier [0x009543C3+2899763]
	GetHandleVerifier [0x009A77ED+3240797]
	GetHandleVerifier [0x00721264+593364]
	GetHandleVerifier [0x0072818C+621820]
	(No symbol) [0x00636F54]
	(No symbol) [0x00633658]
	(No symbol) [0x006337F7]
	(No symbol) [0x006258AE]
	BaseThreadInitThunk [0x7718FCC9+25]
	RtlGetAppContainerNamedObjectPath [0x778F7CBE+286]
	RtlGetAppContainerNamedObjectPath [0x778F7C8E+238]

2024-05-23 16:27:07,764 - INFO - Failed, Trying 3 time
2024-05-23 16:27:07,767 - ERROR - Exception occurred: Message: disconnected: not connected to DevTools
  (failed to check if window was closed: disconnected: not connected to DevTools)
  (Session info: chrome=125.0.6422.61)
Stacktrace:
	GetHandleVerifier [0x0069B793+45827]
	(No symbol) [0x0062DB74]
	(No symbol) [0x0052150F]
	(No symbol) [0x0050B447]
	(No symbol) [0x0050BD1D]
	(No symbol) [0x00521A22]
	(No symbol) [0x004FDD1D]
	(No symbol) [0x0058F737]
	(No symbol) [0x00582DC3]
	(No symbol) [0x00556998]
	(No symbol) [0x0055751D]
	GetHandleVerifier [0x009543C3+2899763]
	GetHandleVerifier [0x009A77ED+3240797]
	GetHandleVerifier [0x00721264+593364]
	GetHandleVerifier [0x0072818C+621820]
	(No symbol) [0x00636F54]
	(No symbol) [0x00633658]
	(No symbol) [0x006337F7]
	(No symbol) [0x006258AE]
	BaseThreadInitThunk [0x7718FCC9+25]
	RtlGetAppContainerNamedObjectPath [0x778F7CBE+286]
	RtlGetAppContainerNamedObjectPath [0x778F7C8E+238]

2024-05-23 16:27:08,767 - INFO - Failed, Trying 4 time
2024-05-23 16:27:08,771 - ERROR - Exception occurred: Message: disconnected: not connected to DevTools
  (failed to check if window was closed: disconnected: not connected to DevTools)
  (Session info: chrome=125.0.6422.61)
Stacktrace:
	GetHandleVerifier [0x0069B793+45827]
	(No symbol) [0x0062DB74]
	(No symbol) [0x0052150F]
	(No symbol) [0x0050B447]
	(No symbol) [0x0050BD1D]
	(No symbol) [0x00521A22]
	(No symbol) [0x004FDD1D]
	(No symbol) [0x0058F737]
	(No symbol) [0x00582DC3]
	(No symbol) [0x00556998]
	(No symbol) [0x0055751D]
	GetHandleVerifier [0x009543C3+2899763]
	GetHandleVerifier [0x009A77ED+3240797]
	GetHandleVerifier [0x00721264+593364]
	GetHandleVerifier [0x0072818C+621820]
	(No symbol) [0x00636F54]
	(No symbol) [0x00633658]
	(No symbol) [0x006337F7]
	(No symbol) [0x006258AE]
	BaseThreadInitThunk [0x7718FCC9+25]
	RtlGetAppContainerNamedObjectPath [0x778F7CBE+286]
	RtlGetAppContainerNamedObjectPath [0x778F7C8E+238]

2024-05-23 16:27:09,772 - INFO - Failed, Trying 5 time
2024-05-23 16:28:21,188 - INFO - patching driver executable C:\Users\ANAS KHAN\appdata\roaming\undetected_chromedriver\undetected_chromedriver.exe
2024-05-23 16:28:23,289 - INFO - Opening Tab 1
2024-05-23 16:28:29,351 - INFO - Opening Tab 2
2024-05-23 16:28:29,574 - INFO - Opening Tab 3
2024-05-23 16:28:29,795 - INFO - Opening Tab 4
2024-05-23 16:28:30,018 - INFO - Opening Tab 5
2024-05-23 16:28:30,240 - INFO - Opening Tab 6
2024-05-23 16:28:30,463 - INFO - Opening Tab 7
2024-05-23 16:28:30,688 - INFO - Opening Tab 8
2024-05-23 16:28:30,907 - INFO - Opening Tab 9
2024-05-23 16:28:31,127 - INFO - Opening Tab 10
2024-05-23 16:28:31,371 - INFO - Opening Tab 11
2024-05-23 16:28:31,595 - INFO - Opening Tab 12
2024-05-23 16:28:31,823 - INFO - Opening Tab 13
2024-05-23 16:28:32,048 - INFO - Opening Tab 14
2024-05-23 16:28:32,274 - INFO - Opening Tab 15
2024-05-23 16:28:32,495 - INFO - Opening Tab 16
2024-05-23 16:28:32,720 - INFO - Opening Tab 17
2024-05-23 16:28:32,942 - INFO - Opening Tab 18
2024-05-23 16:28:33,167 - INFO - Opening Tab 19
2024-05-23 16:28:33,392 - INFO - Opening Tab 20
2024-05-23 16:28:41,965 - INFO - Total tabs: 21
2024-05-23 16:28:41,971 - INFO - Tab index: 0, Window handle: 659374833465AEA2C64B2A4A2F4AD50D
2024-05-23 16:28:41,971 - INFO - Tab index: 1, Window handle: E00B636DBC7C436BCB7F37813F48F948
2024-05-23 16:28:41,972 - INFO - Tab index: 2, Window handle: 2479F7F75BD8D4C31DFA12BEBE7662F0
2024-05-23 16:28:41,972 - INFO - Tab index: 3, Window handle: 20F6C01193175C91F8529C790BABE44C
2024-05-23 16:28:41,972 - INFO - Tab index: 4, Window handle: D6A4A39361292ADA0825B63DBA75E2DD
2024-05-23 16:28:41,972 - INFO - Tab index: 5, Window handle: BE75932B00759A66848F5A6A10A89D30
2024-05-23 16:28:41,972 - INFO - Tab index: 6, Window handle: CAD3D50C6278AE2C87B870ECA8B50BFA
2024-05-23 16:28:41,973 - INFO - Tab index: 7, Window handle: 3699F919597A9C8BA0B7EB4326B993B3
2024-05-23 16:28:41,973 - INFO - Tab index: 8, Window handle: AE1E7E973D6CFED305EF810953FA1AA8
2024-05-23 16:28:41,973 - INFO - Tab index: 9, Window handle: EAC91D8F9B9B1D0881D5B9CBB33D2F41
2024-05-23 16:28:41,973 - INFO - Tab index: 10, Window handle: 370755657737B4468CCC24434EF3C70F
2024-05-23 16:28:41,973 - INFO - Tab index: 11, Window handle: 1DAEB3BA8F0342EA7D39AC8DB5FAD523
2024-05-23 16:28:41,973 - INFO - Tab index: 12, Window handle: FE84680ECD67F2DE0EA5ED67CD9E33FB
2024-05-23 16:28:41,974 - INFO - Tab index: 13, Window handle: 4DFB467A334791511F637DF4CE96F39B
2024-05-23 16:28:41,974 - INFO - Tab index: 14, Window handle: 4C89CE8F59F62115A05F0429B5ED20C9
2024-05-23 16:28:41,974 - INFO - Tab index: 15, Window handle: 21D92531F1B7391E354FA44E444F476F
2024-05-23 16:28:41,974 - INFO - Tab index: 16, Window handle: DF537CBC03B93E559F0A78B215F70262
2024-05-23 16:28:41,974 - INFO - Tab index: 17, Window handle: CE79DA4A7592B7B15B8A034B452DDA1E
2024-05-23 16:28:41,975 - INFO - Tab index: 18, Window handle: 724CE07CA220A1FC11F2B538A58B479F
2024-05-23 16:28:41,975 - INFO - Tab index: 19, Window handle: E892D6485B2FF07F79920EA5933D9D60
2024-05-23 16:28:41,975 - INFO - Tab index: 20, Window handle: 7E11B133B2F64C8C9CC706DD0390A95C
2024-05-23 16:31:35,861 - INFO - TestFunction1
2024-05-23 16:31:35,896 - INFO - Switched to Tab 1
2024-05-23 16:31:42,369 - INFO - TestFunction2
2024-05-23 16:31:42,399 - INFO - Switched to Tab 2
2024-05-23 16:31:47,819 - INFO - TestFunction3
2024-05-23 16:31:47,849 - INFO - Switched to Tab 3
2024-05-23 16:31:51,439 - INFO - TestFunction4
2024-05-23 16:31:51,470 - INFO - Switched to Tab 4
2024-05-23 16:31:54,758 - INFO - TestFunction5
2024-05-23 16:31:54,789 - INFO - Switched to Tab 5
2024-05-23 16:31:58,030 - INFO - TestFunction6
2024-05-23 16:31:58,063 - INFO - Switched to Tab 6
2024-05-23 16:32:01,775 - INFO - TestFunction7
2024-05-23 16:32:01,799 - INFO - Switched to Tab 7
2024-05-23 16:32:05,386 - INFO - TestFunction8
2024-05-23 16:32:05,415 - INFO - Switched to Tab 8
2024-05-23 16:32:09,122 - INFO - TestFunction9
2024-05-23 16:32:09,152 - INFO - Switched to Tab 9
2024-05-23 16:32:12,424 - INFO - TestFunction10
2024-05-23 16:32:12,465 - INFO - Switched to Tab 10
2024-05-23 16:32:16,053 - INFO - TestFunction11
2024-05-23 16:32:16,085 - INFO - Switched to Tab 11
2024-05-23 16:32:19,708 - INFO - TestFunction12
2024-05-23 16:32:19,741 - INFO - Switched to Tab 12
2024-05-23 16:32:23,277 - INFO - TestFunction13
2024-05-23 16:32:23,310 - INFO - Switched to Tab 13
2024-05-23 16:32:26,896 - INFO - TestFunction14
2024-05-23 16:32:26,966 - INFO - Switched to Tab 14
2024-05-23 16:32:30,513 - INFO - TestFunction15
2024-05-23 16:32:30,547 - INFO - Switched to Tab 15
2024-05-23 16:32:34,241 - INFO - TestFunction16
2024-05-23 16:32:34,282 - INFO - Switched to Tab 16
2024-05-23 16:32:37,878 - INFO - TestFunction17
2024-05-23 16:32:37,909 - INFO - Switched to Tab 17
2024-05-23 16:32:41,003 - INFO - TestFunction18
2024-05-23 16:32:41,033 - INFO - Switched to Tab 18
2024-05-23 16:32:44,557 - INFO - TestFunction19
2024-05-23 16:32:44,586 - INFO - Switched to Tab 19
2024-05-23 16:32:48,139 - INFO - TestFunction20
2024-05-23 16:32:48,172 - INFO - Switched to Tab 20
2024-05-23 16:33:27,099 - INFO - TestFunction1 Successful
2024-05-23 16:33:28,743 - INFO - TestFunction2 Successful
2024-05-23 16:33:30,319 - INFO - TestFunction3 Successful
2024-05-23 16:33:31,953 - INFO - TestFunction4 Successful
2024-05-23 16:33:33,549 - INFO - TestFunction5 Successful
2024-05-23 16:33:35,173 - INFO - TestFunction6 Successful
2024-05-23 16:33:36,827 - INFO - TestFunction7 Successful
2024-05-23 16:33:38,429 - INFO - TestFunction8 Successful
2024-05-23 16:33:40,006 - INFO - TestFunction9 Successful
2024-05-23 16:33:41,654 - INFO - TestFunction10 Successful
2024-05-23 16:33:43,271 - INFO - TestFunction11 Successful
2024-05-23 16:33:44,877 - INFO - TestFunction12 Successful
2024-05-23 16:33:46,487 - INFO - TestFunction13 Successful
2024-05-23 16:33:48,072 - INFO - TestFunction14 Successful
2024-05-23 16:33:49,664 - INFO - TestFunction15 Successful
2024-05-23 16:33:51,281 - INFO - TestFunction16 Successful
2024-05-23 16:33:52,962 - INFO - TestFunction17 Successful
2024-05-23 16:33:54,620 - INFO - TestFunction18 Successful
2024-05-23 16:33:56,226 - INFO - TestFunction19 Successful
2024-05-23 16:33:57,784 - INFO - TestFunction20 Successful
2024-05-23 16:33:57,784 - INFO - Run Completed
2024-05-23 16:33:57,784 - INFO - {'successful_functions': ['TestFunction1', 'TestFunction2', 'TestFunction3', 'TestFunction4', 'TestFunction5', 'TestFunction6', 'TestFunction7', 'TestFunction8', 'TestFunction9', 'TestFunction10', 'TestFunction11', 'TestFunction12', 'TestFunction13', 'TestFunction14', 'TestFunction15', 'TestFunction16', 'TestFunction17', 'TestFunction18', 'TestFunction19', 'TestFunction20'], 'status': 'SUCCESSFULL'}
2024-05-23 16:34:01,328 - INFO - Opening Tab 1
2024-05-23 16:34:08,650 - INFO - Opening Tab 2
2024-05-23 16:34:19,749 - INFO - Total tabs: 3
2024-05-23 16:34:19,751 - INFO - Tab index: 0, Window handle: 40579D881966CDC332939CEE0CEC7292
2024-05-23 16:34:19,751 - INFO - Tab index: 1, Window handle: 63AB74946A452E50E97DB6AE3C18B1BD
2024-05-23 16:34:19,751 - INFO - Tab index: 2, Window handle: 885DF92B3EBD1C8B08CEF48A6B1F9A66
2024-05-23 16:35:02,736 - INFO - TestFunction21
2024-05-23 16:35:02,762 - INFO - Switched to Tab 1
2024-05-23 16:35:06,273 - INFO - TestFunction22
2024-05-23 16:35:06,308 - INFO - Switched to Tab 2
2024-05-23 16:35:17,042 - INFO - TestFunction21 Successful
2024-05-23 16:35:18,604 - INFO - TestFunction22 Successful
2024-05-23 16:35:18,604 - INFO - Run Completed
2024-05-23 16:35:18,604 - INFO - {'successful_functions': ['TestFunction21', 'TestFunction22'], 'status': 'SUCCESSFULL'}
2024-05-23 16:51:20,177 - INFO - patching driver executable C:\Users\ANAS KHAN\appdata\roaming\undetected_chromedriver\undetected_chromedriver.exe
2024-05-23 16:51:23,932 - ERROR - login() missing 1 required positional argument: 'logger'
2024-05-23 16:52:43,626 - INFO - patching driver executable C:\Users\ANAS KHAN\appdata\roaming\undetected_chromedriver\undetected_chromedriver.exe
2024-05-23 16:52:55,197 - ERROR - Message: element not interactable
  (Session info: chrome=125.0.6422.61)
Stacktrace:
	GetHandleVerifier [0x0072B793+45827]
	(No symbol) [0x006BDB74]
	(No symbol) [0x005B138D]
	(No symbol) [0x005ECED9]
	(No symbol) [0x005EB825]
	(No symbol) [0x00612DFC]
	(No symbol) [0x005E8075]
	(No symbol) [0x00613094]
	(No symbol) [0x0062C034]
	(No symbol) [0x00612B96]
	(No symbol) [0x005E6998]
	(No symbol) [0x005E751D]
	GetHandleVerifier [0x009E43C3+2899763]
	GetHandleVerifier [0x00A377ED+3240797]
	GetHandleVerifier [0x007B1264+593364]
	GetHandleVerifier [0x007B818C+621820]
	(No symbol) [0x006C6F54]
	(No symbol) [0x006C3658]
	(No symbol) [0x006C37F7]
	(No symbol) [0x006B58AE]
	BaseThreadInitThunk [0x7718FCC9+25]
	RtlGetAppContainerNamedObjectPath [0x778F7CBE+286]
	RtlGetAppContainerNamedObjectPath [0x778F7C8E+238]

2024-05-23 16:53:36,591 - INFO - patching driver executable C:\Users\ANAS KHAN\appdata\roaming\undetected_chromedriver\undetected_chromedriver.exe
2024-05-23 16:53:48,394 - INFO - Login Successful
2024-05-23 16:53:48,394 - INFO - Opening Tab 1
2024-05-23 16:53:48,620 - INFO - Opening Tab 2
2024-05-23 16:53:48,827 - INFO - Opening Tab 3
2024-05-23 16:53:49,045 - INFO - Opening Tab 4
2024-05-23 16:53:49,262 - INFO - Opening Tab 5
2024-05-23 16:53:51,163 - INFO - Opening Tab 6
2024-05-23 16:53:51,372 - INFO - Opening Tab 7
2024-05-23 16:53:51,580 - INFO - Opening Tab 8
2024-05-23 16:53:51,799 - INFO - Opening Tab 9
2024-05-23 16:53:52,010 - INFO - Opening Tab 10
2024-05-23 16:53:52,221 - INFO - Opening Tab 11
2024-05-23 16:53:52,434 - INFO - Opening Tab 12
2024-05-23 16:53:52,646 - INFO - Opening Tab 13
2024-05-23 16:53:52,859 - INFO - Opening Tab 14
2024-05-23 16:53:53,063 - INFO - Opening Tab 15
2024-05-23 16:53:53,267 - INFO - Opening Tab 16
2024-05-23 16:53:53,485 - INFO - Opening Tab 17
2024-05-23 16:53:53,702 - INFO - Opening Tab 18
2024-05-23 16:53:53,920 - INFO - Opening Tab 19
2024-05-23 16:53:54,132 - INFO - Opening Tab 20
2024-05-23 16:53:57,490 - INFO - Total tabs: 2
2024-05-23 16:53:57,492 - INFO - Tab index: 0, Window handle: CFC087547B33723A1892D991F2B92ACF
2024-05-23 16:53:57,493 - INFO - Tab index: 1, Window handle: 93F47531F9599DCD060BE05FAC9680E3
2024-05-23 16:53:57,797 - ERROR - Exception occurred: list index out of range
2024-05-23 16:53:58,798 - INFO - Failed, Trying 2 time
2024-05-23 16:53:58,799 - ERROR - Exception occurred: Message: disconnected: not connected to DevTools
  (failed to check if window was closed: disconnected: not connected to DevTools)
  (Session info: chrome=125.0.6422.61)
Stacktrace:
	GetHandleVerifier [0x0116B793+45827]
	(No symbol) [0x010FDB74]
	(No symbol) [0x00FF150F]
	(No symbol) [0x00FDB447]
	(No symbol) [0x00FDBD1D]
	(No symbol) [0x00FF1A22]
	(No symbol) [0x00FCDD1D]
	(No symbol) [0x0105F737]
	(No symbol) [0x01052DC3]
	(No symbol) [0x01026998]
	(No symbol) [0x0102751D]
	GetHandleVerifier [0x014243C3+2899763]
	GetHandleVerifier [0x014777ED+3240797]
	GetHandleVerifier [0x011F1264+593364]
	GetHandleVerifier [0x011F818C+621820]
	(No symbol) [0x01106F54]
	(No symbol) [0x01103658]
	(No symbol) [0x011037F7]
	(No symbol) [0x010F58AE]
	BaseThreadInitThunk [0x7718FCC9+25]
	RtlGetAppContainerNamedObjectPath [0x778F7CBE+286]
	RtlGetAppContainerNamedObjectPath [0x778F7C8E+238]

2024-05-23 16:58:13,645 - INFO - patching driver executable C:\Users\ANAS KHAN\appdata\roaming\undetected_chromedriver\undetected_chromedriver.exe
2024-05-23 16:58:15,821 - INFO - Opening Tab 1
2024-05-23 16:58:20,061 - INFO - Opening Tab 2
2024-05-23 16:58:20,320 - INFO - Opening Tab 3
2024-05-23 16:58:20,545 - INFO - Opening Tab 4
2024-05-23 16:58:20,766 - INFO - Opening Tab 5
2024-05-23 16:58:20,992 - INFO - Opening Tab 6
2024-05-23 16:58:21,213 - INFO - Opening Tab 7
2024-05-23 16:58:21,456 - INFO - Opening Tab 8
2024-05-23 16:58:21,680 - INFO - Opening Tab 9
2024-05-23 16:58:21,902 - INFO - Opening Tab 10
2024-05-23 16:58:22,124 - INFO - Opening Tab 11
2024-05-23 16:58:22,347 - INFO - Opening Tab 12
2024-05-23 16:58:22,592 - INFO - Opening Tab 13
2024-05-23 16:58:22,812 - INFO - Opening Tab 14
2024-05-23 16:58:23,034 - INFO - Opening Tab 15
2024-05-23 16:58:23,255 - INFO - Opening Tab 16
2024-05-23 16:58:23,483 - INFO - Opening Tab 17
2024-05-23 16:58:23,724 - INFO - Opening Tab 18
2024-05-23 16:58:23,944 - INFO - Opening Tab 19
2024-05-23 16:58:24,170 - INFO - Opening Tab 20
2024-05-23 16:58:30,489 - ERROR - Message: element not interactable
  (Session info: chrome=125.0.6422.61)
Stacktrace:
	GetHandleVerifier [0x00D6B793+45827]
	(No symbol) [0x00CFDB74]
	(No symbol) [0x00BF138D]
	(No symbol) [0x00C2CED9]
	(No symbol) [0x00C2B825]
	(No symbol) [0x00C52DFC]
	(No symbol) [0x00C28075]
	(No symbol) [0x00C53094]
	(No symbol) [0x00C6C034]
	(No symbol) [0x00C52B96]
	(No symbol) [0x00C26998]
	(No symbol) [0x00C2751D]
	GetHandleVerifier [0x010243C3+2899763]
	GetHandleVerifier [0x010777ED+3240797]
	GetHandleVerifier [0x00DF1264+593364]
	GetHandleVerifier [0x00DF818C+621820]
	(No symbol) [0x00D06F54]
	(No symbol) [0x00D03658]
	(No symbol) [0x00D037F7]
	(No symbol) [0x00CF58AE]
	BaseThreadInitThunk [0x7718FCC9+25]
	RtlGetAppContainerNamedObjectPath [0x778F7CBE+286]
	RtlGetAppContainerNamedObjectPath [0x778F7C8E+238]

2024-05-23 16:59:11,526 - INFO - patching driver executable C:\Users\ANAS KHAN\appdata\roaming\undetected_chromedriver\undetected_chromedriver.exe
2024-05-23 16:59:13,738 - INFO - Opening Tab 1
2024-05-23 16:59:13,996 - INFO - Opening Tab 2
2024-05-23 16:59:14,222 - INFO - Opening Tab 3
2024-05-23 16:59:14,442 - INFO - Opening Tab 4
2024-05-23 16:59:14,663 - INFO - Opening Tab 5
2024-05-23 16:59:14,886 - INFO - Opening Tab 6
2024-05-23 16:59:15,108 - INFO - Opening Tab 7
2024-05-23 16:59:15,334 - INFO - Opening Tab 8
2024-05-23 16:59:15,555 - INFO - Opening Tab 9
2024-05-23 16:59:15,777 - INFO - Opening Tab 10
2024-05-23 16:59:16,005 - INFO - Opening Tab 11
2024-05-23 16:59:16,228 - INFO - Opening Tab 12
2024-05-23 16:59:16,454 - INFO - Opening Tab 13
2024-05-23 16:59:16,680 - INFO - Opening Tab 14
2024-05-23 16:59:16,906 - INFO - Opening Tab 15
2024-05-23 16:59:17,127 - INFO - Opening Tab 16
2024-05-23 16:59:17,355 - INFO - Opening Tab 17
2024-05-23 16:59:17,580 - INFO - Opening Tab 18
2024-05-23 16:59:17,804 - INFO - Opening Tab 19
2024-05-23 16:59:18,034 - INFO - Opening Tab 20
2024-05-23 16:59:23,916 - INFO - Login Successful
2024-05-23 16:59:26,921 - INFO - Total tabs: 21
2024-05-23 16:59:26,927 - INFO - Tab index: 0, Window handle: 2A4474B81C350C4A1C65945145CA4A07
2024-05-23 16:59:26,927 - INFO - Tab index: 1, Window handle: AAE48948AE0779431DDF1CBF117461F8
2024-05-23 16:59:26,928 - INFO - Tab index: 2, Window handle: 5B8F757C3D90BB864196E921C8964CD4
2024-05-23 16:59:26,928 - INFO - Tab index: 3, Window handle: 725CF52BCB601554DE09062B1E5A6956
2024-05-23 16:59:26,928 - INFO - Tab index: 4, Window handle: 4534D0747B9305BB46BA967533B7C699
2024-05-23 16:59:26,928 - INFO - Tab index: 5, Window handle: 36993A71F5D52B413CE6E6461DC6A6A4
2024-05-23 16:59:26,928 - INFO - Tab index: 6, Window handle: 864C60265998219C232B400D0B379DCB
2024-05-23 16:59:26,929 - INFO - Tab index: 7, Window handle: 9EFC7A84A5108CA6FAFFAF35659B1AD4
2024-05-23 16:59:26,929 - INFO - Tab index: 8, Window handle: 373543649AE08C993A3B88985274DC0C
2024-05-23 16:59:26,929 - INFO - Tab index: 9, Window handle: B0713531D68A5C114890B738C9BA06BB
2024-05-23 16:59:26,929 - INFO - Tab index: 10, Window handle: D20B24EDA392E9F8881C70FB515D5B70
2024-05-23 16:59:26,929 - INFO - Tab index: 11, Window handle: 8273490E27941AC75189F806C3792FA9
2024-05-23 16:59:26,930 - INFO - Tab index: 12, Window handle: 28A6D43871D539D0E3134E5196092CDA
2024-05-23 16:59:26,930 - INFO - Tab index: 13, Window handle: 58C7746174795F1E4C99D1AEE28A5730
2024-05-23 16:59:26,930 - INFO - Tab index: 14, Window handle: 2A56C79C672E656848FDF2292FBD4F96
2024-05-23 16:59:26,930 - INFO - Tab index: 15, Window handle: F3280578193DEC739FC1D5D0950495C4
2024-05-23 16:59:26,930 - INFO - Tab index: 16, Window handle: 547A34519B0392164837F0E0B04AD57F
2024-05-23 16:59:26,930 - INFO - Tab index: 17, Window handle: 3C81204521FBA151CE80C17502115EE4
2024-05-23 16:59:26,931 - INFO - Tab index: 18, Window handle: 007C19B18F58A63181AD1E3FECFF9157
2024-05-23 16:59:26,931 - INFO - Tab index: 19, Window handle: 0795A73077A8C3D9279D3DB9781A78E5
2024-05-23 16:59:26,931 - INFO - Tab index: 20, Window handle: 2C1D96811E4F66DAC6762EF2D8967FE4
2024-05-23 17:01:36,025 - INFO - TestFunction1
2024-05-23 17:01:36,060 - INFO - Switched to Tab 1
2024-05-23 17:01:41,590 - INFO - TestFunction2
2024-05-23 17:01:41,637 - INFO - Switched to Tab 2
2024-05-23 17:01:45,779 - INFO - TestFunction3
2024-05-23 17:01:45,859 - INFO - Switched to Tab 3
2024-05-23 17:01:49,452 - INFO - TestFunction4
2024-05-23 17:01:49,485 - INFO - Switched to Tab 4
2024-05-23 17:01:52,950 - INFO - TestFunction5
2024-05-23 17:01:52,993 - INFO - Switched to Tab 5
2024-05-23 17:01:56,674 - INFO - TestFunction6
2024-05-23 17:01:56,701 - INFO - Switched to Tab 6
2024-05-23 17:02:00,294 - INFO - TestFunction7
2024-05-23 17:02:00,321 - INFO - Switched to Tab 7
2024-05-23 17:02:03,816 - INFO - TestFunction8
2024-05-23 17:02:03,848 - INFO - Switched to Tab 8
2024-05-23 17:02:07,344 - INFO - TestFunction9
2024-05-23 17:02:07,381 - INFO - Switched to Tab 9
2024-05-23 17:02:10,878 - INFO - TestFunction10
2024-05-23 17:02:10,913 - INFO - Switched to Tab 10
2024-05-23 17:02:14,530 - INFO - TestFunction11
2024-05-23 17:02:14,562 - INFO - Switched to Tab 11
2024-05-23 17:02:18,215 - INFO - TestFunction12
2024-05-23 17:02:18,247 - INFO - Switched to Tab 12
2024-05-23 17:02:21,883 - INFO - TestFunction13
2024-05-23 17:02:21,915 - INFO - Switched to Tab 13
2024-05-23 17:02:25,521 - INFO - TestFunction14
2024-05-23 17:02:25,548 - INFO - Switched to Tab 14
2024-05-23 17:02:29,128 - INFO - TestFunction15
2024-05-23 17:02:29,157 - INFO - Switched to Tab 15
2024-05-23 17:02:32,642 - INFO - TestFunction16
2024-05-23 17:02:32,679 - INFO - Switched to Tab 16
2024-05-23 17:02:36,288 - INFO - TestFunction17
2024-05-23 17:02:36,317 - INFO - Switched to Tab 17
2024-05-23 17:02:40,406 - INFO - TestFunction18
2024-05-23 17:02:40,434 - INFO - Switched to Tab 18
2024-05-23 17:02:44,129 - INFO - TestFunction19
2024-05-23 17:02:44,159 - INFO - Switched to Tab 19
2024-05-23 17:02:47,645 - INFO - TestFunction20
2024-05-23 17:02:47,698 - INFO - Switched to Tab 20
2024-05-23 17:03:26,575 - INFO - TestFunction1 Successful
2024-05-23 17:03:28,187 - INFO - TestFunction2 Successful
2024-05-23 17:03:29,792 - INFO - TestFunction3 Successful
2024-05-23 17:03:31,426 - INFO - TestFunction4 Successful
2024-05-23 17:03:33,034 - INFO - TestFunction5 Successful
2024-05-23 17:03:34,654 - INFO - TestFunction6 Successful
2024-05-23 17:03:36,261 - INFO - TestFunction7 Successful
2024-05-23 17:03:37,839 - INFO - TestFunction8 Successful
2024-05-23 17:03:39,469 - INFO - TestFunction9 Successful
2024-05-23 17:03:41,047 - INFO - TestFunction10 Successful
2024-05-23 17:03:42,614 - INFO - TestFunction11 Successful
2024-05-23 17:03:44,239 - INFO - TestFunction12 Successful
2024-05-23 17:03:45,842 - INFO - TestFunction13 Successful
2024-05-23 17:03:47,445 - INFO - TestFunction14 Successful
2024-05-23 17:03:49,009 - INFO - TestFunction15 Successful
2024-05-23 17:03:50,611 - INFO - TestFunction16 Successful
2024-05-23 17:03:52,315 - INFO - TestFunction17 Successful
2024-05-23 17:03:53,918 - INFO - TestFunction18 Successful
2024-05-23 17:03:55,525 - INFO - TestFunction19 Successful
2024-05-23 17:03:57,168 - INFO - TestFunction20 Successful
2024-05-23 17:03:57,168 - INFO - Run Completed
2024-05-23 17:03:57,168 - INFO - {'successful_functions': ['TestFunction1', 'TestFunction2', 'TestFunction3', 'TestFunction4', 'TestFunction5', 'TestFunction6', 'TestFunction7', 'TestFunction8', 'TestFunction9', 'TestFunction10', 'TestFunction11', 'TestFunction12', 'TestFunction13', 'TestFunction14', 'TestFunction15', 'TestFunction16', 'TestFunction17', 'TestFunction18', 'TestFunction19', 'TestFunction20'], 'status': 'SUCCESSFULL'}
2024-05-23 17:07:01,107 - INFO - patching driver executable C:\Users\ANAS KHAN\appdata\roaming\undetected_chromedriver\undetected_chromedriver.exe
2024-05-23 17:07:08,582 - INFO - Opening Tab 1
2024-05-23 17:07:09,674 - INFO - Opening Tab 2
2024-05-23 17:07:09,895 - INFO - Opening Tab 3
2024-05-23 17:07:10,119 - INFO - Opening Tab 4
2024-05-23 17:07:10,343 - INFO - Opening Tab 5
2024-05-23 17:07:10,571 - INFO - Opening Tab 6
2024-05-23 17:07:10,794 - INFO - Opening Tab 7
2024-05-23 17:07:11,018 - INFO - Opening Tab 8
2024-05-23 17:07:11,242 - INFO - Opening Tab 9
2024-05-23 17:07:11,465 - INFO - Opening Tab 10
2024-05-23 17:07:11,689 - INFO - Opening Tab 11
2024-05-23 17:07:11,908 - INFO - Opening Tab 12
2024-05-23 17:07:12,131 - INFO - Opening Tab 13
2024-05-23 17:07:12,353 - INFO - Opening Tab 14
2024-05-23 17:07:12,578 - INFO - Opening Tab 15
2024-05-23 17:07:12,803 - INFO - Opening Tab 16
2024-05-23 17:07:13,028 - INFO - Opening Tab 17
2024-05-23 17:07:13,254 - INFO - Opening Tab 18
2024-05-23 17:07:13,479 - INFO - Opening Tab 19
2024-05-23 17:07:13,706 - INFO - Opening Tab 20
2024-05-23 17:07:19,949 - INFO - Login Successful
2024-05-23 17:07:22,955 - INFO - Total tabs: 21
2024-05-23 17:07:22,960 - INFO - Tab index: 0, Window handle: B48A2D386B3D3617E6F7E67CAB54C821
2024-05-23 17:07:22,960 - INFO - Tab index: 1, Window handle: 4FD639690024E973DA8FB68F2D7245EB
2024-05-23 17:07:22,961 - INFO - Tab index: 2, Window handle: DBE03054A5E4FA0172F3E6A91B795457
2024-05-23 17:07:22,961 - INFO - Tab index: 3, Window handle: 715184EA43F809A4A54056976CA678F7
2024-05-23 17:07:22,961 - INFO - Tab index: 4, Window handle: C6008435398DCD9AE4FF01EE5DC96495
2024-05-23 17:07:22,961 - INFO - Tab index: 5, Window handle: 7010066760F5B532C6FDB7760E5BFD88
2024-05-23 17:07:22,961 - INFO - Tab index: 6, Window handle: 4A6C317B271215B86390F593D8200BB1
2024-05-23 17:07:22,962 - INFO - Tab index: 7, Window handle: 210E37AACDF4E3BA7C3C86CFE9E39A57
2024-05-23 17:07:22,962 - INFO - Tab index: 8, Window handle: 2235F047E7DD2AC1E7D5C2CA993E96D4
2024-05-23 17:07:22,962 - INFO - Tab index: 9, Window handle: EFFEED75004CE96EBFE8CC5D6D0674C5
2024-05-23 17:07:22,962 - INFO - Tab index: 10, Window handle: 56433CBDADD7837D9954DBB92A3D41EA
2024-05-23 17:07:22,962 - INFO - Tab index: 11, Window handle: C67467DDD63E24D0D3CD2B551E4552D6
2024-05-23 17:07:22,963 - INFO - Tab index: 12, Window handle: 7BE86AD52D2E38D172C0312B70F59EA5
2024-05-23 17:07:22,963 - INFO - Tab index: 13, Window handle: A7A30033AF3A8C98DDC561D88012F6BF
2024-05-23 17:07:22,963 - INFO - Tab index: 14, Window handle: D76FFA88FCABF37B114CFDE14B1CEC13
2024-05-23 17:07:22,963 - INFO - Tab index: 15, Window handle: BC05FEBF945D197075E1B9ADD9818C13
2024-05-23 17:07:22,963 - INFO - Tab index: 16, Window handle: 5D914B123B468E8612C96A8BBEA65051
2024-05-23 17:07:22,963 - INFO - Tab index: 17, Window handle: EBA1DF652A5A346E055BAF8817A9F7A5
2024-05-23 17:07:22,964 - INFO - Tab index: 18, Window handle: 298935E56B7BF410260992875C545656
2024-05-23 17:07:22,964 - INFO - Tab index: 19, Window handle: FD03BE7FFB9B7E346A60D8D39B32E1FF
2024-05-23 17:07:22,964 - INFO - Tab index: 20, Window handle: 88451B10F3863DA6F759306DF6E78DFF
2024-05-23 17:08:37,541 - INFO - TestFunction1
2024-05-23 17:08:37,581 - INFO - Switched to Tab 1
2024-05-23 17:08:41,727 - INFO - TestFunction2
2024-05-23 17:08:41,765 - INFO - Switched to Tab 2
2024-05-23 17:08:45,767 - INFO - TestFunction3
2024-05-23 17:08:45,803 - INFO - Switched to Tab 3
2024-05-23 17:08:50,255 - INFO - TestFunction4
2024-05-23 17:08:50,282 - INFO - Switched to Tab 4
2024-05-23 17:08:54,390 - INFO - TestFunction5
2024-05-23 17:08:54,420 - INFO - Switched to Tab 5
2024-05-23 17:08:57,976 - INFO - TestFunction6
2024-05-23 17:08:58,004 - INFO - Switched to Tab 6
2024-05-23 17:09:01,548 - INFO - TestFunction7
2024-05-23 17:09:01,600 - INFO - Switched to Tab 7
2024-05-23 17:09:05,093 - INFO - TestFunction8
2024-05-23 17:09:05,120 - INFO - Switched to Tab 8
2024-05-23 17:09:08,765 - INFO - TestFunction9
2024-05-23 17:09:08,794 - INFO - Switched to Tab 9
2024-05-23 17:09:12,341 - INFO - TestFunction10
2024-05-23 17:09:12,371 - INFO - Switched to Tab 10
2024-05-23 17:09:15,886 - INFO - TestFunction11
2024-05-23 17:09:15,916 - INFO - Switched to Tab 11
2024-05-23 17:09:19,516 - INFO - TestFunction12
2024-05-23 17:09:19,546 - INFO - Switched to Tab 12
2024-05-23 17:09:23,130 - INFO - TestFunction13
2024-05-23 17:09:23,161 - INFO - Switched to Tab 13
2024-05-23 17:09:26,850 - INFO - TestFunction14
2024-05-23 17:09:26,886 - INFO - Switched to Tab 14
2024-05-23 17:09:30,405 - INFO - TestFunction15
2024-05-23 17:09:30,437 - INFO - Switched to Tab 15
2024-05-23 17:09:34,036 - INFO - TestFunction16
2024-05-23 17:09:34,070 - INFO - Switched to Tab 16
2024-05-23 17:09:37,709 - INFO - TestFunction17
2024-05-23 17:09:37,739 - INFO - Switched to Tab 17
2024-05-23 17:09:41,432 - INFO - TestFunction18
2024-05-23 17:09:41,462 - INFO - Switched to Tab 18
2024-05-23 17:09:45,020 - INFO - TestFunction19
2024-05-23 17:09:45,065 - INFO - Switched to Tab 19
2024-05-23 17:09:48,677 - INFO - TestFunction20
2024-05-23 17:09:48,707 - INFO - Switched to Tab 20
2024-05-23 17:10:29,412 - INFO - TestFunction1 Successful
2024-05-23 17:10:31,065 - INFO - TestFunction2 Successful
2024-05-23 17:10:32,721 - INFO - TestFunction3 Successful
2024-05-23 17:10:34,368 - INFO - TestFunction4 Successful
2024-05-23 17:10:36,029 - INFO - TestFunction5 Successful
2024-05-23 17:10:37,679 - INFO - TestFunction6 Successful
2024-05-23 17:10:39,240 - INFO - TestFunction7 Successful
2024-05-23 17:10:40,808 - INFO - TestFunction8 Successful
2024-05-23 17:10:42,440 - INFO - TestFunction9 Successful
2024-05-23 17:10:44,112 - INFO - TestFunction10 Successful
2024-05-23 17:10:45,753 - INFO - TestFunction11 Successful
2024-05-23 17:10:47,375 - INFO - TestFunction12 Successful
2024-05-23 17:10:49,060 - INFO - TestFunction13 Successful
2024-05-23 17:10:50,743 - INFO - TestFunction14 Successful
2024-05-23 17:10:52,401 - INFO - TestFunction15 Successful
2024-05-23 17:10:54,075 - INFO - TestFunction16 Successful
2024-05-23 17:10:55,768 - INFO - TestFunction17 Successful
2024-05-23 17:10:57,449 - INFO - TestFunction18 Successful
2024-05-23 17:10:59,100 - INFO - TestFunction19 Successful
2024-05-23 17:11:00,731 - INFO - TestFunction20 Successful
2024-05-23 17:11:00,731 - INFO - Run Completed
2024-05-23 17:11:00,731 - INFO - {'successful_functions': ['TestFunction1', 'TestFunction2', 'TestFunction3', 'TestFunction4', 'TestFunction5', 'TestFunction6', 'TestFunction7', 'TestFunction8', 'TestFunction9', 'TestFunction10', 'TestFunction11', 'TestFunction12', 'TestFunction13', 'TestFunction14', 'TestFunction15', 'TestFunction16', 'TestFunction17', 'TestFunction18', 'TestFunction19', 'TestFunction20'], 'status': 'SUCCESSFULL'}
2024-05-23 17:14:13,157 - INFO - patching driver executable C:\Users\ANAS KHAN\appdata\roaming\undetected_chromedriver\undetected_chromedriver.exe
2024-05-23 17:14:15,776 - INFO - Opening Tab 1
2024-05-23 17:14:17,159 - INFO - Opening Tab 2
2024-05-23 17:14:17,383 - INFO - Opening Tab 3
2024-05-23 17:14:17,608 - INFO - Opening Tab 4
2024-05-23 17:14:17,827 - INFO - Opening Tab 5
2024-05-23 17:14:18,084 - INFO - Opening Tab 6
2024-05-23 17:14:18,320 - INFO - Opening Tab 7
2024-05-23 17:14:18,542 - INFO - Opening Tab 8
2024-05-23 17:14:18,763 - INFO - Opening Tab 9
2024-05-23 17:14:18,988 - INFO - Opening Tab 10
2024-05-23 17:14:19,216 - INFO - Opening Tab 11
2024-05-23 17:14:19,439 - INFO - Opening Tab 12
2024-05-23 17:14:19,668 - INFO - Opening Tab 13
2024-05-23 17:14:19,894 - INFO - Opening Tab 14
2024-05-23 17:14:20,121 - INFO - Opening Tab 15
2024-05-23 17:14:20,348 - INFO - Opening Tab 16
2024-05-23 17:14:20,572 - INFO - Opening Tab 17
2024-05-23 17:14:20,798 - INFO - Opening Tab 18
2024-05-23 17:14:21,022 - INFO - Opening Tab 19
2024-05-23 17:14:21,248 - INFO - Opening Tab 20
2024-05-23 17:14:28,618 - INFO - Login Successful
2024-05-23 17:14:31,620 - INFO - Total tabs: 21
2024-05-23 17:14:31,622 - INFO - Tab index: 0, Window handle: 4A03C78C65F0D34F6D419604DDC7F565
2024-05-23 17:14:31,622 - INFO - Tab index: 1, Window handle: 056003897A2F5BF4AFB38170E3BDC522
2024-05-23 17:14:31,622 - INFO - Tab index: 2, Window handle: 20C58C7CAC103FA39C6B67E4511A87EB
2024-05-23 17:14:31,622 - INFO - Tab index: 3, Window handle: BF54EA8F535B2D4D3098A6CDB4155937
2024-05-23 17:14:31,622 - INFO - Tab index: 4, Window handle: F509BBFF5DFB0D703AE0B190072CAB74
2024-05-23 17:14:31,622 - INFO - Tab index: 5, Window handle: 5CA90682DD7D79AD3EF3DA6F92C24595
2024-05-23 17:14:31,622 - INFO - Tab index: 6, Window handle: 4862FB25D89E607B16D5125C0AE9D311
2024-05-23 17:14:31,622 - INFO - Tab index: 7, Window handle: B5C1EAA38B8D0D95116C07B120A93004
2024-05-23 17:14:31,622 - INFO - Tab index: 8, Window handle: 7D315BAB60849771EA33883AA2D4F7AC
2024-05-23 17:14:31,622 - INFO - Tab index: 9, Window handle: EBA480465BD8650170ACC75740EE2824
2024-05-23 17:14:31,622 - INFO - Tab index: 10, Window handle: 1E7ABD61697E7FE1A9812908E889CAB8
2024-05-23 17:14:31,622 - INFO - Tab index: 11, Window handle: 22521A0841E2F1B62F39C0D1B739D0AE
2024-05-23 17:14:31,622 - INFO - Tab index: 12, Window handle: E2545C7BF4CE704BA2B755F80B1E9E04
2024-05-23 17:14:31,622 - INFO - Tab index: 13, Window handle: 54DD3A7F65560619008156C4DE63F204
2024-05-23 17:14:31,622 - INFO - Tab index: 14, Window handle: 0801BDD2BCD1868295AF60EE0C53493A
2024-05-23 17:14:31,622 - INFO - Tab index: 15, Window handle: 93CD8A78C909C74713E1333E0092D3F0
2024-05-23 17:14:31,622 - INFO - Tab index: 16, Window handle: 608E7D3B8E338273202E7D970E6F6BBE
2024-05-23 17:14:31,622 - INFO - Tab index: 17, Window handle: 1C64E986C5960530F02E0401E7BE563B
2024-05-23 17:14:31,622 - INFO - Tab index: 18, Window handle: 4A2C627F06F9DC58FE8516124EDD79E7
2024-05-23 17:14:31,622 - INFO - Tab index: 19, Window handle: E2B774FAFEAA1693A1859F5E574BD8EE
2024-05-23 17:14:31,622 - INFO - Tab index: 20, Window handle: 4C1203E92B451CA706926F9E70105E0C
2024-05-23 17:15:53,053 - INFO - TestFunction1
2024-05-23 17:15:53,082 - INFO - Switched to Tab 1
2024-05-23 17:16:01,042 - INFO - TestFunction2
2024-05-23 17:16:01,073 - INFO - Switched to Tab 2
2024-05-23 17:16:05,107 - INFO - TestFunction3
2024-05-23 17:16:05,164 - INFO - Switched to Tab 3
2024-05-23 17:16:08,818 - INFO - TestFunction4
2024-05-23 17:16:08,849 - INFO - Switched to Tab 4
2024-05-23 17:16:12,311 - INFO - TestFunction5
2024-05-23 17:16:12,352 - INFO - Switched to Tab 5
2024-05-23 17:16:16,026 - INFO - TestFunction6
2024-05-23 17:16:16,053 - INFO - Switched to Tab 6
2024-05-23 17:16:19,668 - INFO - TestFunction7
2024-05-23 17:16:19,699 - INFO - Switched to Tab 7
2024-05-23 17:16:23,468 - INFO - TestFunction8
2024-05-23 17:16:23,500 - INFO - Switched to Tab 8
2024-05-23 17:16:27,690 - INFO - TestFunction9
2024-05-23 17:16:27,724 - INFO - Switched to Tab 9
2024-05-23 17:16:31,485 - INFO - TestFunction10
2024-05-23 17:16:31,541 - INFO - Switched to Tab 10
2024-05-23 17:16:35,158 - INFO - TestFunction11
2024-05-23 17:16:35,188 - INFO - Switched to Tab 11
2024-05-23 17:16:38,840 - INFO - TestFunction12
2024-05-23 17:16:38,887 - INFO - Switched to Tab 12
2024-05-23 17:16:42,440 - INFO - TestFunction13
2024-05-23 17:16:42,466 - INFO - Switched to Tab 13
2024-05-23 17:16:46,166 - INFO - TestFunction14
2024-05-23 17:16:46,207 - INFO - Switched to Tab 14
2024-05-23 17:16:49,865 - INFO - TestFunction15
2024-05-23 17:16:49,895 - INFO - Switched to Tab 15
2024-05-23 17:16:53,506 - INFO - TestFunction16
2024-05-23 17:16:53,549 - INFO - Switched to Tab 16
2024-05-23 17:16:57,354 - INFO - TestFunction17
2024-05-23 17:16:57,405 - INFO - Switched to Tab 17
2024-05-23 17:17:01,109 - INFO - TestFunction18
2024-05-23 17:17:01,148 - INFO - Switched to Tab 18
2024-05-23 17:17:04,881 - INFO - TestFunction19
2024-05-23 17:17:04,944 - INFO - Switched to Tab 19
2024-05-23 17:17:08,099 - INFO - TestFunction20
2024-05-23 17:17:08,151 - INFO - Switched to Tab 20
2024-05-23 17:17:48,076 - INFO - TestFunction1 Successful
2024-05-23 17:17:49,709 - INFO - TestFunction2 Successful
2024-05-23 17:17:51,354 - INFO - TestFunction3 Successful
2024-05-23 17:17:52,996 - INFO - TestFunction4 Successful
2024-05-23 17:17:54,625 - INFO - TestFunction5 Successful
2024-05-23 17:17:56,259 - INFO - TestFunction6 Successful
2024-05-23 17:17:57,930 - INFO - TestFunction7 Successful
2024-05-23 17:17:59,543 - INFO - TestFunction8 Successful
2024-05-23 17:18:01,161 - INFO - TestFunction9 Successful
2024-05-23 17:18:02,755 - INFO - TestFunction10 Successful
2024-05-23 17:18:04,417 - INFO - TestFunction11 Successful
2024-05-23 17:18:06,062 - INFO - TestFunction12 Successful
2024-05-23 17:18:07,691 - INFO - TestFunction13 Successful
2024-05-23 17:18:09,349 - INFO - TestFunction14 Successful
2024-05-23 17:18:10,950 - INFO - TestFunction15 Successful
2024-05-23 17:18:12,588 - INFO - TestFunction16 Successful
2024-05-23 17:18:14,241 - INFO - TestFunction17 Successful
2024-05-23 17:18:15,915 - INFO - TestFunction18 Successful
2024-05-23 17:18:17,569 - INFO - TestFunction19 Successful
2024-05-23 17:18:19,219 - INFO - TestFunction20 Successful
2024-05-23 17:18:19,219 - INFO - Run Completed
2024-05-23 17:18:19,219 - INFO - {'successful_functions': ['TestFunction1', 'TestFunction2', 'TestFunction3', 'TestFunction4', 'TestFunction5', 'TestFunction6', 'TestFunction7', 'TestFunction8', 'TestFunction9', 'TestFunction10', 'TestFunction11', 'TestFunction12', 'TestFunction13', 'TestFunction14', 'TestFunction15', 'TestFunction16', 'TestFunction17', 'TestFunction18', 'TestFunction19', 'TestFunction20'], 'status': 'SUCCESSFULL'}
2024-05-23 17:18:19,219 - INFO - Closing page 2
2024-05-23 17:18:19,845 - INFO - Closing page 3
2024-05-23 17:18:20,483 - INFO - Closing page 4
2024-05-23 17:18:21,095 - INFO - Closing page 5
2024-05-23 17:18:21,685 - INFO - Closing page 6
2024-05-23 17:18:22,281 - INFO - Closing page 7
2024-05-23 17:18:22,899 - INFO - Closing page 8
2024-05-23 17:18:23,513 - INFO - Closing page 9
2024-05-23 17:18:24,154 - INFO - Closing page 10
2024-05-23 17:18:24,762 - INFO - Closing page 11
2024-05-23 17:18:25,375 - INFO - Closing page 12
2024-05-23 17:22:05,724 - INFO - patching driver executable C:\Users\ANAS KHAN\appdata\roaming\undetected_chromedriver\undetected_chromedriver.exe
2024-05-23 17:22:08,405 - INFO - Opening Tab 1
2024-05-23 17:22:15,242 - INFO - Opening Tab 2
2024-05-23 17:22:15,479 - INFO - Opening Tab 3
2024-05-23 17:22:15,706 - INFO - Opening Tab 4
2024-05-23 17:22:15,961 - INFO - Opening Tab 5
2024-05-23 17:22:16,183 - INFO - Opening Tab 6
2024-05-23 17:22:16,405 - INFO - Opening Tab 7
2024-05-23 17:22:16,627 - INFO - Opening Tab 8
2024-05-23 17:22:16,852 - INFO - Opening Tab 9
2024-05-23 17:22:17,074 - INFO - Opening Tab 10
2024-05-23 17:22:17,295 - INFO - Opening Tab 11
2024-05-23 17:22:17,540 - INFO - Opening Tab 12
2024-05-23 17:22:17,760 - INFO - Opening Tab 13
2024-05-23 17:22:17,982 - INFO - Opening Tab 14
2024-05-23 17:22:18,204 - INFO - Opening Tab 15
2024-05-23 17:22:18,428 - INFO - Opening Tab 16
2024-05-23 17:22:18,654 - INFO - Opening Tab 17
2024-05-23 17:22:18,878 - INFO - Opening Tab 18
2024-05-23 17:22:19,104 - INFO - Opening Tab 19
2024-05-23 17:22:19,331 - INFO - Opening Tab 20
2024-05-23 17:22:25,068 - INFO - Login Successful
2024-05-23 17:22:28,074 - INFO - Total tabs: 21
2024-05-23 17:22:28,082 - INFO - Tab index: 0, Window handle: 907C9BF4A27FA9E2B385401A30A2A134
2024-05-23 17:22:28,082 - INFO - Tab index: 1, Window handle: AF152D913D5F42FA9FBF8FE6D81C66B2
2024-05-23 17:22:28,082 - INFO - Tab index: 2, Window handle: 5FC4F277636FEDC439BA993A3C4BB52E
2024-05-23 17:22:28,083 - INFO - Tab index: 3, Window handle: A25A392DFF9162E70BB20EBC33D851C2
2024-05-23 17:22:28,083 - INFO - Tab index: 4, Window handle: E7F9434E0A75056014669D887B8E24B6
2024-05-23 17:22:28,083 - INFO - Tab index: 5, Window handle: 077582BB66EB1423E7E89499ED800428
2024-05-23 17:22:28,083 - INFO - Tab index: 6, Window handle: 13277EF7AD4638E67E56CC752AE4C891
2024-05-23 17:22:28,084 - INFO - Tab index: 7, Window handle: 10697258B21636F4DD1C55F64C5D3636
2024-05-23 17:22:28,084 - INFO - Tab index: 8, Window handle: 45073B936C13E86A78A87C0467731612
2024-05-23 17:22:28,084 - INFO - Tab index: 9, Window handle: 63D332FAA15AFACF3D4F5AF54BA112D8
2024-05-23 17:22:28,084 - INFO - Tab index: 10, Window handle: 93511A6C1F6F577F732D4566229022A7
2024-05-23 17:22:28,084 - INFO - Tab index: 11, Window handle: C16E89F6AE7EDAD82F360551D641C2E7
2024-05-23 17:22:28,085 - INFO - Tab index: 12, Window handle: D49D3312D2C0F7D1109F6495AE54BA11
2024-05-23 17:22:28,085 - INFO - Tab index: 13, Window handle: 40A304E0982832E64F2BAE518B092A69
2024-05-23 17:22:28,085 - INFO - Tab index: 14, Window handle: 7F5A3A506BFA920A38882F568A5F9B41
2024-05-23 17:22:28,085 - INFO - Tab index: 15, Window handle: EB3E3DBC3FB90183B0C3FBD825B0900E
2024-05-23 17:22:28,085 - INFO - Tab index: 16, Window handle: 428B3C2BAA8347DA14027D60A18954AD
2024-05-23 17:22:28,086 - INFO - Tab index: 17, Window handle: D79B2974EA7598B4B78F209892AFC907
2024-05-23 17:22:28,086 - INFO - Tab index: 18, Window handle: F957666A48CFB5D6C74895AB3BD88D1F
2024-05-23 17:22:28,086 - INFO - Tab index: 19, Window handle: 0E857E479F39DD03DA86AED9457CC073
2024-05-23 17:22:28,087 - INFO - Tab index: 20, Window handle: B15CAAFA994D63174CA9EF675DF801C7
2024-05-23 17:23:41,619 - INFO - TestFunction1
2024-05-23 17:23:41,656 - INFO - Switched to Tab 1
2024-05-23 17:23:52,677 - INFO - TestFunction2
2024-05-23 17:23:52,713 - INFO - Switched to Tab 2
2024-05-23 17:23:56,690 - INFO - TestFunction3
2024-05-23 17:23:56,737 - INFO - Switched to Tab 3
2024-05-23 17:24:00,307 - INFO - TestFunction4
2024-05-23 17:24:00,422 - INFO - Switched to Tab 4
2024-05-23 17:24:03,939 - INFO - TestFunction5
2024-05-23 17:24:03,992 - INFO - Switched to Tab 5
2024-05-23 17:24:07,568 - INFO - TestFunction6
2024-05-23 17:24:07,644 - INFO - Switched to Tab 6
2024-05-23 17:24:11,386 - INFO - TestFunction7
2024-05-23 17:24:11,417 - INFO - Switched to Tab 7
2024-05-23 17:24:14,999 - INFO - TestFunction8
2024-05-23 17:24:15,030 - INFO - Switched to Tab 8
2024-05-23 17:24:18,571 - INFO - TestFunction9
2024-05-23 17:24:18,602 - INFO - Switched to Tab 9
2024-05-23 17:24:22,246 - INFO - TestFunction10
2024-05-23 17:24:22,276 - INFO - Switched to Tab 10
2024-05-23 17:24:25,997 - INFO - TestFunction11
2024-05-23 17:24:26,049 - INFO - Switched to Tab 11
2024-05-23 17:24:29,859 - INFO - TestFunction12
2024-05-23 17:24:29,911 - INFO - Switched to Tab 12
2024-05-23 17:24:33,507 - INFO - TestFunction13
2024-05-23 17:24:33,553 - INFO - Switched to Tab 13
2024-05-23 17:24:37,120 - INFO - TestFunction14
2024-05-23 17:24:37,151 - INFO - Switched to Tab 14
2024-05-23 17:24:41,793 - INFO - TestFunction15
2024-05-23 17:24:41,825 - INFO - Switched to Tab 15
2024-05-23 17:24:45,360 - INFO - TestFunction16
2024-05-23 17:24:45,399 - INFO - Switched to Tab 16
2024-05-23 17:24:49,434 - INFO - TestFunction17
2024-05-23 17:24:49,499 - INFO - Switched to Tab 17
2024-05-23 17:24:53,752 - INFO - TestFunction18
2024-05-23 17:24:53,783 - INFO - Switched to Tab 18
2024-05-23 17:24:58,910 - INFO - TestFunction19
2024-05-23 17:24:58,938 - INFO - Switched to Tab 19
2024-05-23 17:25:02,484 - INFO - TestFunction20
2024-05-23 17:25:02,521 - INFO - Switched to Tab 20
2024-05-23 17:25:43,868 - INFO - TestFunction1 Successful
2024-05-23 17:25:45,495 - INFO - TestFunction2 Successful
2024-05-23 17:25:47,078 - INFO - TestFunction3 Successful
2024-05-23 17:25:48,699 - INFO - TestFunction4 Successful
2024-05-23 17:25:50,353 - INFO - TestFunction5 Successful
2024-05-23 17:25:51,956 - INFO - TestFunction6 Successful
2024-05-23 17:25:53,588 - INFO - TestFunction7 Successful
2024-05-23 17:25:55,283 - INFO - TestFunction8 Successful
2024-05-23 17:25:56,948 - INFO - TestFunction9 Successful
2024-05-23 17:25:58,601 - INFO - TestFunction10 Successful
2024-05-23 17:26:00,259 - INFO - TestFunction11 Successful
2024-05-23 17:26:01,908 - INFO - TestFunction12 Successful
2024-05-23 17:26:03,594 - INFO - TestFunction13 Successful
2024-05-23 17:26:05,205 - INFO - TestFunction14 Successful
2024-05-23 17:26:06,790 - INFO - TestFunction15 Successful
2024-05-23 17:26:08,355 - INFO - TestFunction16 Successful
2024-05-23 17:26:10,022 - INFO - TestFunction17 Successful
2024-05-23 17:26:11,683 - INFO - TestFunction18 Successful
2024-05-23 17:26:13,322 - INFO - TestFunction19 Successful
2024-05-23 17:26:14,981 - INFO - TestFunction20 Successful
2024-05-23 17:26:14,981 - INFO - Run Completed
2024-05-23 17:26:14,981 - INFO - {'successful_functions': ['TestFunction1', 'TestFunction2', 'TestFunction3', 'TestFunction4', 'TestFunction5', 'TestFunction6', 'TestFunction7', 'TestFunction8', 'TestFunction9', 'TestFunction10', 'TestFunction11', 'TestFunction12', 'TestFunction13', 'TestFunction14', 'TestFunction15', 'TestFunction16', 'TestFunction17', 'TestFunction18', 'TestFunction19', 'TestFunction20'], 'status': 'SUCCESSFULL'}
2024-05-23 17:26:14,982 - INFO - Closing page 20
2024-05-23 17:26:15,614 - INFO - Closing page 19
2024-05-23 17:26:16,257 - INFO - Closing page 18
2024-05-23 17:26:16,866 - INFO - Closing page 17
2024-05-23 17:26:17,473 - INFO - Closing page 16
2024-05-23 17:26:18,080 - INFO - Closing page 15
2024-05-23 17:26:18,654 - INFO - Closing page 14
2024-05-23 17:26:19,268 - INFO - Closing page 13
2024-05-23 17:26:19,873 - INFO - Closing page 12
2024-05-23 17:26:20,453 - INFO - Closing page 11
2024-05-23 17:26:21,042 - INFO - Closing page 10
2024-05-23 17:26:21,643 - INFO - Closing page 9
2024-05-23 17:26:22,236 - INFO - Closing page 8
2024-05-23 17:26:22,837 - INFO - Closing page 7
2024-05-23 17:26:23,438 - INFO - Closing page 6
2024-05-23 17:26:24,010 - INFO - Closing page 5
2024-05-23 17:26:24,595 - INFO - Closing page 4
2024-05-23 17:26:25,188 - INFO - Closing page 3
2024-05-23 17:26:25,766 - INFO - Closing page 2
2024-05-23 17:26:26,350 - INFO - Closing page 1
2024-05-23 17:26:26,938 - INFO - Opening Tab 1
2024-05-23 17:29:17,017 - INFO - patching driver executable C:\Users\ANAS KHAN\appdata\roaming\undetected_chromedriver\undetected_chromedriver.exe
2024-05-23 17:29:37,173 - INFO - Opening Tab 1
2024-05-23 17:29:38,212 - INFO - Opening Tab 2
2024-05-23 17:29:38,431 - INFO - Opening Tab 3
2024-05-23 17:29:38,654 - INFO - Opening Tab 4
2024-05-23 17:29:38,875 - INFO - Opening Tab 5
2024-05-23 17:29:39,097 - INFO - Opening Tab 6
2024-05-23 17:29:39,321 - INFO - Opening Tab 7
2024-05-23 17:29:39,542 - INFO - Opening Tab 8
2024-05-23 17:29:39,764 - INFO - Opening Tab 9
2024-05-23 17:29:39,987 - INFO - Opening Tab 10
2024-05-23 17:29:40,209 - INFO - Opening Tab 11
2024-05-23 17:29:40,430 - INFO - Opening Tab 12
2024-05-23 17:29:40,664 - INFO - Opening Tab 13
2024-05-23 17:29:40,895 - INFO - Opening Tab 14
2024-05-23 17:29:41,125 - INFO - Opening Tab 15
2024-05-23 17:29:41,351 - INFO - Opening Tab 16
2024-05-23 17:29:41,574 - INFO - Opening Tab 17
2024-05-23 17:29:41,864 - INFO - Opening Tab 18
2024-05-23 17:29:42,090 - INFO - Opening Tab 19
2024-05-23 17:29:42,318 - INFO - Opening Tab 20
2024-05-23 17:29:52,534 - ERROR - Message: element not interactable
  (Session info: chrome=125.0.6422.61)
Stacktrace:
	GetHandleVerifier [0x003AB793+45827]
	(No symbol) [0x0033DB74]
	(No symbol) [0x0023138D]
	(No symbol) [0x0026CED9]
	(No symbol) [0x0026B825]
	(No symbol) [0x00292DFC]
	(No symbol) [0x00268075]
	(No symbol) [0x00293094]
	(No symbol) [0x002AC034]
	(No symbol) [0x00292B96]
	(No symbol) [0x00266998]
	(No symbol) [0x0026751D]
	GetHandleVerifier [0x006643C3+2899763]
	GetHandleVerifier [0x006B77ED+3240797]
	GetHandleVerifier [0x00431264+593364]
	GetHandleVerifier [0x0043818C+621820]
	(No symbol) [0x00346F54]
	(No symbol) [0x00343658]
	(No symbol) [0x003437F7]
	(No symbol) [0x003358AE]
	BaseThreadInitThunk [0x7718FCC9+25]
	RtlGetAppContainerNamedObjectPath [0x778F7CBE+286]
	RtlGetAppContainerNamedObjectPath [0x778F7C8E+238]

